
*** Running vivado
    with args -log pynq_z2_top.vdi -applog -m64 -product Vivado -messageDb vivado.pb -mode batch -source pynq_z2_top.tcl -notrace


****** Vivado v2024.2 (64-bit)
  **** SW Build 5239630 on Fri Nov 08 22:34:34 MST 2024
  **** IP Build 5239520 on Sun Nov 10 16:12:51 MST 2024
  **** SharedData Build 5239561 on Fri Nov 08 14:39:27 MST 2024
  **** Start of session at: Mon Mar 31 21:25:54 2025
    ** Copyright 1986-2022 Xilinx, Inc. All Rights Reserved.
    ** Copyright 2022-2024 Advanced Micro Devices, Inc. All Rights Reserved.

source pynq_z2_top.tcl -notrace
Command: link_design -top pynq_z2_top -part xc7z020clg400-1
Design is defaulting to srcset: sources_1
Design is defaulting to constrset: constrs_1
INFO: [Device 21-403] Loading part xc7z020clg400-1
Netlist sorting complete. Time (s): cpu = 00:00:00 ; elapsed = 00:00:00 . Memory (MB): peak = 1517.160 ; gain = 0.000 ; free physical = 77135 ; free virtual = 97571
INFO: [Netlist 29-17] Analyzing 12 Unisim elements for replacement
INFO: [Netlist 29-28] Unisim Transformation completed in 0 CPU seconds
INFO: [Project 1-479] Netlist was created with Vivado 2024.2
INFO: [Project 1-570] Preparing netlist for logic optimization
Parsing XDC File [/home/sunil/Xilinx-Learning/HSVLED_PYNQZ2/HSVLED_PYNQZ2.srcs/constrs_1/new/PYNQZ2.xdc]
Finished Parsing XDC File [/home/sunil/Xilinx-Learning/HSVLED_PYNQZ2/HSVLED_PYNQZ2.srcs/constrs_1/new/PYNQZ2.xdc]
INFO: [Opt 31-138] Pushed 0 inverter(s) to 0 load pin(s).
Netlist sorting complete. Time (s): cpu = 00:00:00 ; elapsed = 00:00:00 . Memory (MB): peak = 1739.750 ; gain = 0.000 ; free physical = 77015 ; free virtual = 97452
INFO: [Project 1-111] Unisim Transformation Summary:
No Unisim elements were transformed.

7 Infos, 0 Warnings, 0 Critical Warnings and 0 Errors encountered.
link_design completed successfully
Command: opt_design
Attempting to get a license for feature 'Implementation' and/or device 'xc7z020'
INFO: [Common 17-349] Got license for feature 'Implementation' and/or device 'xc7z020'
Running DRC as a precondition to command opt_design

Starting DRC Task
INFO: [DRC 23-27] Running DRC with 8 threads
INFO: [Project 1-461] DRC finished with 0 Errors
INFO: [Project 1-462] Please refer to the DRC report (report_drc) for more information.

Time (s): cpu = 00:00:00.88 ; elapsed = 00:00:00.3 . Memory (MB): peak = 1854.750 ; gain = 111.031 ; free physical = 76943 ; free virtual = 97379

Starting Cache Timing Information Task
INFO: [Timing 38-35] Done setting XDC timing constraints.
Ending Cache Timing Information Task | Checksum: 1197cb7cb

Time (s): cpu = 00:00:03 ; elapsed = 00:00:04 . Memory (MB): peak = 2274.703 ; gain = 419.953 ; free physical = 76560 ; free virtual = 96997

Starting Logic Optimization Task

Phase 1 Initialization

Phase 1.1 Core Generation And Design Setup
Phase 1.1 Core Generation And Design Setup | Checksum: 1197cb7cb

Time (s): cpu = 00:00:00 ; elapsed = 00:00:00 . Memory (MB): peak = 2616.625 ; gain = 0.000 ; free physical = 76222 ; free virtual = 96658

Phase 1.2 Setup Constraints And Sort Netlist
Phase 1.2 Setup Constraints And Sort Netlist | Checksum: 1197cb7cb

Time (s): cpu = 00:00:00 ; elapsed = 00:00:00 . Memory (MB): peak = 2616.625 ; gain = 0.000 ; free physical = 76222 ; free virtual = 96658
Phase 1 Initialization | Checksum: 1197cb7cb

Time (s): cpu = 00:00:00 ; elapsed = 00:00:00 . Memory (MB): peak = 2616.625 ; gain = 0.000 ; free physical = 76222 ; free virtual = 96658

Phase 2 Timer Update And Timing Data Collection

Phase 2.1 Timer Update
Phase 2.1 Timer Update | Checksum: 1197cb7cb

Time (s): cpu = 00:00:00.01 ; elapsed = 00:00:00 . Memory (MB): peak = 2616.625 ; gain = 0.000 ; free physical = 76222 ; free virtual = 96658

Phase 2.2 Timing Data Collection
Phase 2.2 Timing Data Collection | Checksum: 1197cb7cb

Time (s): cpu = 00:00:00.01 ; elapsed = 00:00:00.01 . Memory (MB): peak = 2616.625 ; gain = 0.000 ; free physical = 76222 ; free virtual = 96658
Phase 2 Timer Update And Timing Data Collection | Checksum: 1197cb7cb

Time (s): cpu = 00:00:00.01 ; elapsed = 00:00:00.01 . Memory (MB): peak = 2616.625 ; gain = 0.000 ; free physical = 76222 ; free virtual = 96658

Phase 3 Retarget
INFO: [Opt 31-1851] Number of loadless carry chains removed were: 0
INFO: [Opt 31-1834] Total Chains To Be Transformed Were: 0 AND Number of Transformed insts Created are: 0
INFO: [Opt 31-138] Pushed 0 inverter(s) to 0 load pin(s).
INFO: [Opt 31-49] Retargeted 0 cell(s).
Phase 3 Retarget | Checksum: 1197cb7cb

Time (s): cpu = 00:00:00.01 ; elapsed = 00:00:00.02 . Memory (MB): peak = 2616.625 ; gain = 0.000 ; free physical = 76222 ; free virtual = 96658
Retarget | Checksum: 1197cb7cb
INFO: [Opt 31-389] Phase Retarget created 0 cells and removed 0 cells

Phase 4 Constant propagation
INFO: [Opt 31-138] Pushed 0 inverter(s) to 0 load pin(s).
Phase 4 Constant propagation | Checksum: 1197cb7cb

Time (s): cpu = 00:00:00.01 ; elapsed = 00:00:00.02 . Memory (MB): peak = 2616.625 ; gain = 0.000 ; free physical = 76222 ; free virtual = 96658
Constant propagation | Checksum: 1197cb7cb
INFO: [Opt 31-389] Phase Constant propagation created 0 cells and removed 0 cells

Phase 5 Sweep
INFO: [Constraints 18-11670] Building netlist checker database with flags, 0x8
Done building netlist checker database: Time (s): cpu = 00:00:00 ; elapsed = 00:00:00 . Memory (MB): peak = 2616.625 ; gain = 0.000 ; free physical = 76222 ; free virtual = 96658
Phase 5 Sweep | Checksum: c0c749d5

Time (s): cpu = 00:00:00.01 ; elapsed = 00:00:00.02 . Memory (MB): peak = 2616.625 ; gain = 0.000 ; free physical = 76222 ; free virtual = 96658
Sweep | Checksum: c0c749d5
INFO: [Opt 31-389] Phase Sweep created 0 cells and removed 0 cells

Phase 6 BUFG optimization
Phase 6 BUFG optimization | Checksum: c0c749d5

Time (s): cpu = 00:00:00.02 ; elapsed = 00:00:00.02 . Memory (MB): peak = 2648.641 ; gain = 32.016 ; free physical = 76222 ; free virtual = 96658
BUFG optimization | Checksum: c0c749d5
INFO: [Opt 31-662] Phase BUFG optimization created 0 cells of which 0 are BUFGs and removed 0 cells.

Phase 7 Shift Register Optimization
INFO: [Opt 31-1064] SRL Remap converted 0 SRLs to 0 registers and converted 0 registers of register chains to 0 SRLs
Phase 7 Shift Register Optimization | Checksum: c0c749d5

Time (s): cpu = 00:00:00.02 ; elapsed = 00:00:00.02 . Memory (MB): peak = 2648.641 ; gain = 32.016 ; free physical = 76222 ; free virtual = 96658
Shift Register Optimization | Checksum: c0c749d5
INFO: [Opt 31-389] Phase Shift Register Optimization created 0 cells and removed 0 cells

Phase 8 Post Processing Netlist
Phase 8 Post Processing Netlist | Checksum: c0c749d5

Time (s): cpu = 00:00:00.02 ; elapsed = 00:00:00.02 . Memory (MB): peak = 2648.641 ; gain = 32.016 ; free physical = 76222 ; free virtual = 96658
Post Processing Netlist | Checksum: c0c749d5
INFO: [Opt 31-389] Phase Post Processing Netlist created 0 cells and removed 0 cells

Phase 9 Finalization

Phase 9.1 Finalizing Design Cores and Updating Shapes
Phase 9.1 Finalizing Design Cores and Updating Shapes | Checksum: 1a0128cb6

Time (s): cpu = 00:00:00.02 ; elapsed = 00:00:00.03 . Memory (MB): peak = 2648.641 ; gain = 32.016 ; free physical = 76222 ; free virtual = 96658

Phase 9.2 Verifying Netlist Connectivity

Starting Connectivity Check Task

Time (s): cpu = 00:00:00.01 ; elapsed = 00:00:00 . Memory (MB): peak = 2648.641 ; gain = 0.000 ; free physical = 76222 ; free virtual = 96658
Phase 9.2 Verifying Netlist Connectivity | Checksum: 1a0128cb6

Time (s): cpu = 00:00:00.03 ; elapsed = 00:00:00.03 . Memory (MB): peak = 2648.641 ; gain = 32.016 ; free physical = 76222 ; free virtual = 96658
Phase 9 Finalization | Checksum: 1a0128cb6

Time (s): cpu = 00:00:00.03 ; elapsed = 00:00:00.03 . Memory (MB): peak = 2648.641 ; gain = 32.016 ; free physical = 76222 ; free virtual = 96658
Opt_design Change Summary
=========================


-------------------------------------------------------------------------------------------------------------------------
|  Phase                        |  #Cells created  |  #Cells Removed  |  #Constrained objects preventing optimizations  |
-------------------------------------------------------------------------------------------------------------------------
|  Retarget                     |               0  |               0  |                                              0  |
|  Constant propagation         |               0  |               0  |                                              0  |
|  Sweep                        |               0  |               0  |                                              0  |
|  BUFG optimization            |               0  |               0  |                                              0  |
|  Shift Register Optimization  |               0  |               0  |                                              0  |
|  Post Processing Netlist      |               0  |               0  |                                              0  |
-------------------------------------------------------------------------------------------------------------------------


Ending Logic Optimization Task | Checksum: 1a0128cb6

Time (s): cpu = 00:00:00.03 ; elapsed = 00:00:00.03 . Memory (MB): peak = 2648.641 ; gain = 32.016 ; free physical = 76222 ; free virtual = 96658

Starting Power Optimization Task
INFO: [Pwropt 34-132] Skipping clock gating for clocks with a period < 2.00 ns.
Ending Power Optimization Task | Checksum: 1a0128cb6

Time (s): cpu = 00:00:00 ; elapsed = 00:00:00.01 . Memory (MB): peak = 2648.641 ; gain = 0.000 ; free physical = 76222 ; free virtual = 96658

Starting Final Cleanup Task
Ending Final Cleanup Task | Checksum: 1a0128cb6

Time (s): cpu = 00:00:00 ; elapsed = 00:00:00 . Memory (MB): peak = 2648.641 ; gain = 0.000 ; free physical = 76222 ; free virtual = 96658

Starting Netlist Obfuscation Task
Netlist sorting complete. Time (s): cpu = 00:00:00 ; elapsed = 00:00:00 . Memory (MB): peak = 2648.641 ; gain = 0.000 ; free physical = 76222 ; free virtual = 96658
Ending Netlist Obfuscation Task | Checksum: 1a0128cb6

Time (s): cpu = 00:00:00 ; elapsed = 00:00:00 . Memory (MB): peak = 2648.641 ; gain = 0.000 ; free physical = 76222 ; free virtual = 96658
INFO: [Common 17-83] Releasing license: Implementation
27 Infos, 0 Warnings, 0 Critical Warnings and 0 Errors encountered.
opt_design completed successfully
opt_design: Time (s): cpu = 00:00:06 ; elapsed = 00:00:05 . Memory (MB): peak = 2648.641 ; gain = 904.922 ; free physical = 76222 ; free virtual = 96658
INFO: [Vivado 12-24828] Executing command : report_drc -file pynq_z2_top_drc_opted.rpt -pb pynq_z2_top_drc_opted.pb -rpx pynq_z2_top_drc_opted.rpx
Command: report_drc -file pynq_z2_top_drc_opted.rpt -pb pynq_z2_top_drc_opted.pb -rpx pynq_z2_top_drc_opted.rpx
INFO: [IP_Flow 19-234] Refreshing IP repositories
INFO: [IP_Flow 19-1704] No user IP repositories specified
INFO: [IP_Flow 19-2313] Loaded Vivado IP repository '/tools/Xilinx/Vivado/2024.2/data/ip'.
INFO: [DRC 23-27] Running DRC with 8 threads
INFO: [Vivado_Tcl 2-168] The results of DRC are in file /home/sunil/Xilinx-Learning/HSVLED_PYNQZ2/HSVLED_PYNQZ2.runs/impl_1/pynq_z2_top_drc_opted.rpt.
report_drc completed successfully
INFO: [Timing 38-480] Writing timing data to binary archive.
Wrote PlaceDB: Time (s): cpu = 00:00:00 ; elapsed = 00:00:00 . Memory (MB): peak = 2648.641 ; gain = 0.000 ; free physical = 76174 ; free virtual = 96610
Write ShapeDB Complete: Time (s): cpu = 00:00:00 ; elapsed = 00:00:00 . Memory (MB): peak = 2648.641 ; gain = 0.000 ; free physical = 76174 ; free virtual = 96610
Wrote PulsedLatchDB: Time (s): cpu = 00:00:00 ; elapsed = 00:00:00 . Memory (MB): peak = 2648.641 ; gain = 0.000 ; free physical = 76174 ; free virtual = 96610
Writing XDEF routing.
Writing XDEF routing logical nets.
Writing XDEF routing special nets.
Wrote RouteStorage: Time (s): cpu = 00:00:00.03 ; elapsed = 00:00:00.01 . Memory (MB): peak = 2648.641 ; gain = 0.000 ; free physical = 76173 ; free virtual = 96610
Wrote Netlist Cache: Time (s): cpu = 00:00:00 ; elapsed = 00:00:00 . Memory (MB): peak = 2648.641 ; gain = 0.000 ; free physical = 76173 ; free virtual = 96610
Wrote Device Cache: Time (s): cpu = 00:00:00.01 ; elapsed = 00:00:00.01 . Memory (MB): peak = 2648.641 ; gain = 0.000 ; free physical = 76173 ; free virtual = 96610
Write Physdb Complete: Time (s): cpu = 00:00:00.04 ; elapsed = 00:00:00.02 . Memory (MB): peak = 2648.641 ; gain = 0.000 ; free physical = 76173 ; free virtual = 96610
INFO: [Common 17-1381] The checkpoint '/home/sunil/Xilinx-Learning/HSVLED_PYNQZ2/HSVLED_PYNQZ2.runs/impl_1/pynq_z2_top_opt.dcp' has been generated.
Command: place_design
Attempting to get a license for feature 'Implementation' and/or device 'xc7z020'
INFO: [Common 17-349] Got license for feature 'Implementation' and/or device 'xc7z020'
INFO: [Common 17-83] Releasing license: Implementation
INFO: [DRC 23-27] Running DRC with 8 threads
INFO: [Vivado_Tcl 4-198] DRC finished with 0 Errors
INFO: [Vivado_Tcl 4-199] Please refer to the DRC report (report_drc) for more information.
Running DRC as a precondition to command place_design
INFO: [DRC 23-27] Running DRC with 8 threads
INFO: [Vivado_Tcl 4-198] DRC finished with 0 Errors
INFO: [Vivado_Tcl 4-199] Please refer to the DRC report (report_drc) for more information.
INFO: [Place 30-611] Multithreading enabled for place_design using a maximum of 8 CPUs

Starting Placer Task

Phase 1 Placer Initialization

Phase 1.1 Placer Initialization Netlist Sorting
Netlist sorting complete. Time (s): cpu = 00:00:00 ; elapsed = 00:00:00 . Memory (MB): peak = 2688.336 ; gain = 0.000 ; free physical = 76134 ; free virtual = 96571
Phase 1.1 Placer Initialization Netlist Sorting | Checksum: 108b295e5

Time (s): cpu = 00:00:00 ; elapsed = 00:00:00 . Memory (MB): peak = 2688.336 ; gain = 0.000 ; free physical = 76134 ; free virtual = 96571
Netlist sorting complete. Time (s): cpu = 00:00:00 ; elapsed = 00:00:00 . Memory (MB): peak = 2688.336 ; gain = 0.000 ; free physical = 76134 ; free virtual = 96571

Phase 1.2 IO Placement/ Clock Placement/ Build Placer Device
INFO: [Timing 38-35] Done setting XDC timing constraints.
Phase 1.2 IO Placement/ Clock Placement/ Build Placer Device | Checksum: 13dfde175

Time (s): cpu = 00:00:00.26 ; elapsed = 00:00:00.12 . Memory (MB): peak = 2688.336 ; gain = 0.000 ; free physical = 76127 ; free virtual = 96563

Phase 1.3 Build Placer Netlist Model
Phase 1.3 Build Placer Netlist Model | Checksum: 1f1aba49a

Time (s): cpu = 00:00:00.38 ; elapsed = 00:00:00.17 . Memory (MB): peak = 2720.352 ; gain = 32.016 ; free physical = 76127 ; free virtual = 96563

Phase 1.4 Constrain Clocks/Macros
Phase 1.4 Constrain Clocks/Macros | Checksum: 1f1aba49a

Time (s): cpu = 00:00:00.39 ; elapsed = 00:00:00.17 . Memory (MB): peak = 2720.352 ; gain = 32.016 ; free physical = 76127 ; free virtual = 96563
Phase 1 Placer Initialization | Checksum: 1f1aba49a

Time (s): cpu = 00:00:00.39 ; elapsed = 00:00:00.17 . Memory (MB): peak = 2720.352 ; gain = 32.016 ; free physical = 76127 ; free virtual = 96563

Phase 2 Global Placement

Phase 2.1 Floorplanning
Phase 2.1 Floorplanning | Checksum: 1cdde877f

Time (s): cpu = 00:00:00.45 ; elapsed = 00:00:00.19 . Memory (MB): peak = 2720.352 ; gain = 32.016 ; free physical = 76111 ; free virtual = 96547

Phase 2.2 Update Timing before SLR Path Opt
Phase 2.2 Update Timing before SLR Path Opt | Checksum: 1f3a491be

Time (s): cpu = 00:00:00.5 ; elapsed = 00:00:00.2 . Memory (MB): peak = 2720.352 ; gain = 32.016 ; free physical = 76133 ; free virtual = 96569

Phase 2.3 Post-Processing in Floorplanning
Phase 2.3 Post-Processing in Floorplanning | Checksum: 1f3a491be

Time (s): cpu = 00:00:00.5 ; elapsed = 00:00:00.2 . Memory (MB): peak = 2720.352 ; gain = 32.016 ; free physical = 76133 ; free virtual = 96569

Phase 2.4 Global Place Phase1
Phase 2.4 Global Place Phase1 | Checksum: 21479994e

Time (s): cpu = 00:00:01 ; elapsed = 00:00:00.5 . Memory (MB): peak = 2728.355 ; gain = 40.020 ; free physical = 76184 ; free virtual = 96621

Phase 2.5 Global Place Phase2

Phase 2.5.1 UpdateTiming Before Physical Synthesis
Phase 2.5.1 UpdateTiming Before Physical Synthesis | Checksum: 21479994e

Time (s): cpu = 00:00:01 ; elapsed = 00:00:00.5 . Memory (MB): peak = 2728.355 ; gain = 40.020 ; free physical = 76184 ; free virtual = 96620

Phase 2.5.2 Physical Synthesis In Placer
INFO: [Physopt 32-1044] Break lutnm for timing: one critical 0, two critical 0, total 0, new lutff created 0
INFO: [Physopt 32-1138] End 1 Pass. Optimized 0 net or LUT. Breaked 0 LUT, combined 0 existing LUT and moved 0 existing LUT
INFO: [Physopt 32-65] No nets found for high-fanout optimization.
INFO: [Physopt 32-232] Optimized 0 net. Created 0 new instance.
INFO: [Physopt 32-775] End 1 Pass. Optimized 0 net or cell. Created 0 new cell, deleted 0 existing cell and moved 0 existing cell
INFO: [Physopt 32-670] No setup violation found.  DSP Register Optimization was not performed.
INFO: [Physopt 32-670] No setup violation found.  Shift Register to Pipeline Optimization was not performed.
INFO: [Physopt 32-670] No setup violation found.  Shift Register Optimization was not performed.
INFO: [Physopt 32-670] No setup violation found.  BRAM Register Optimization was not performed.
INFO: [Physopt 32-670] No setup violation found.  URAM Register Optimization was not performed.
INFO: [Physopt 32-949] No candidate nets found for dynamic/static region interface net replication
INFO: [Physopt 32-775] End 1 Pass. Optimized 0 net or cell. Created 0 new cell, deleted 0 existing cell and moved 0 existing cell
Netlist sorting complete. Time (s): cpu = 00:00:00 ; elapsed = 00:00:00 . Memory (MB): peak = 2728.355 ; gain = 0.000 ; free physical = 76183 ; free virtual = 96619

Summary of Physical Synthesis Optimizations
============================================


-----------------------------------------------------------------------------------------------------------------------------------------------------------
|  Optimization                                     |  Added Cells  |  Removed Cells  |  Optimized Cells/Nets  |  Dont Touch  |  Iterations  |  Elapsed   |
-----------------------------------------------------------------------------------------------------------------------------------------------------------
|  LUT Combining                                    |            0  |              0  |                     0  |           0  |           1  |  00:00:00  |
|  Retime                                           |            0  |              0  |                     0  |           0  |           1  |  00:00:00  |
|  Very High Fanout                                 |            0  |              0  |                     0  |           0  |           1  |  00:00:00  |
|  DSP Register                                     |            0  |              0  |                     0  |           0  |           0  |  00:00:00  |
|  Shift Register to Pipeline                       |            0  |              0  |                     0  |           0  |           0  |  00:00:00  |
|  Shift Register                                   |            0  |              0  |                     0  |           0  |           0  |  00:00:00  |
|  BRAM Register                                    |            0  |              0  |                     0  |           0  |           0  |  00:00:00  |
|  URAM Register                                    |            0  |              0  |                     0  |           0  |           0  |  00:00:00  |
|  Dynamic/Static Region Interface Net Replication  |            0  |              0  |                     0  |           0  |           1  |  00:00:00  |
|  Total                                            |            0  |              0  |                     0  |           0  |           4  |  00:00:00  |
-----------------------------------------------------------------------------------------------------------------------------------------------------------


Phase 2.5.2 Physical Synthesis In Placer | Checksum: 21479994e

Time (s): cpu = 00:00:02 ; elapsed = 00:00:00.65 . Memory (MB): peak = 2728.355 ; gain = 40.020 ; free physical = 76183 ; free virtual = 96620
Phase 2.5 Global Place Phase2 | Checksum: 17c23d916

Time (s): cpu = 00:00:02 ; elapsed = 00:00:00.69 . Memory (MB): peak = 2728.355 ; gain = 40.020 ; free physical = 76188 ; free virtual = 96625
Phase 2 Global Placement | Checksum: 17c23d916

Time (s): cpu = 00:00:02 ; elapsed = 00:00:00.69 . Memory (MB): peak = 2728.355 ; gain = 40.020 ; free physical = 76188 ; free virtual = 96625

Phase 3 Detail Placement

Phase 3.1 Commit Multi Column Macros
Phase 3.1 Commit Multi Column Macros | Checksum: 1523aefda

Time (s): cpu = 00:00:02 ; elapsed = 00:00:00.7 . Memory (MB): peak = 2728.355 ; gain = 40.020 ; free physical = 76187 ; free virtual = 96624

Phase 3.2 Commit Most Macros & LUTRAMs
Phase 3.2 Commit Most Macros & LUTRAMs | Checksum: 1e38ba0f1

Time (s): cpu = 00:00:02 ; elapsed = 00:00:00.73 . Memory (MB): peak = 2728.355 ; gain = 40.020 ; free physical = 76187 ; free virtual = 96624

Phase 3.3 Area Swap Optimization
Phase 3.3 Area Swap Optimization | Checksum: 1c9b031d2

Time (s): cpu = 00:00:02 ; elapsed = 00:00:00.73 . Memory (MB): peak = 2728.355 ; gain = 40.020 ; free physical = 76187 ; free virtual = 96624

Phase 3.4 Pipeline Register Optimization
Phase 3.4 Pipeline Register Optimization | Checksum: 1da71c082

Time (s): cpu = 00:00:02 ; elapsed = 00:00:00.73 . Memory (MB): peak = 2728.355 ; gain = 40.020 ; free physical = 76187 ; free virtual = 96624

Phase 3.5 Small Shape Detail Placement
Phase 3.5 Small Shape Detail Placement | Checksum: 1cc19b1bd

Time (s): cpu = 00:00:02 ; elapsed = 00:00:00.81 . Memory (MB): peak = 2728.355 ; gain = 40.020 ; free physical = 76185 ; free virtual = 96622

Phase 3.6 Re-assign LUT pins
Phase 3.6 Re-assign LUT pins | Checksum: 1792d6cb9

Time (s): cpu = 00:00:02 ; elapsed = 00:00:00.81 . Memory (MB): peak = 2728.355 ; gain = 40.020 ; free physical = 76185 ; free virtual = 96622

Phase 3.7 Pipeline Register Optimization
Phase 3.7 Pipeline Register Optimization | Checksum: 1886f1829

Time (s): cpu = 00:00:02 ; elapsed = 00:00:00.81 . Memory (MB): peak = 2728.355 ; gain = 40.020 ; free physical = 76185 ; free virtual = 96622
Phase 3 Detail Placement | Checksum: 1886f1829

Time (s): cpu = 00:00:02 ; elapsed = 00:00:00.81 . Memory (MB): peak = 2728.355 ; gain = 40.020 ; free physical = 76185 ; free virtual = 96622

Phase 4 Post Placement Optimization and Clean-Up

Phase 4.1 Post Commit Optimization
INFO: [Timing 38-35] Done setting XDC timing constraints.

Phase 4.1.1 Post Placement Optimization
Post Placement Optimization Initialization | Checksum: 170f4c030

Phase 4.1.1.1 BUFG Insertion

Starting Physical Synthesis Task

Phase 1 Physical Synthesis Initialization
INFO: [Physopt 32-721] Multithreading enabled for phys_opt_design using a maximum of 8 CPUs
INFO: [Physopt 32-619] Estimated Timing Summary | WNS=10.349 | TNS=0.000 |
Phase 1 Physical Synthesis Initialization | Checksum: 1c262c4fe

Time (s): cpu = 00:00:00.02 ; elapsed = 00:00:00.01 . Memory (MB): peak = 2728.355 ; gain = 0.000 ; free physical = 76185 ; free virtual = 96622
INFO: [Place 46-56] BUFG insertion identified 0 candidate nets. Inserted BUFG: 0, Replicated BUFG Driver: 0, Skipped due to Placement/Routing Conflicts: 0, Skipped due to Timing Degradation: 0, Skipped due to netlist editing failed: 0.
Ending Physical Synthesis Task | Checksum: 194df8238

Time (s): cpu = 00:00:00.02 ; elapsed = 00:00:00.01 . Memory (MB): peak = 2728.355 ; gain = 0.000 ; free physical = 76185 ; free virtual = 96622
Phase 4.1.1.1 BUFG Insertion | Checksum: 170f4c030

Time (s): cpu = 00:00:02 ; elapsed = 00:00:00.87 . Memory (MB): peak = 2728.355 ; gain = 40.020 ; free physical = 76185 ; free virtual = 96622

Phase 4.1.1.2 Post Placement Timing Optimization
INFO: [Place 30-746] Post Placement Timing Summary WNS=10.349. For the most accurate timing information please run report_timing.
Phase 4.1.1.2 Post Placement Timing Optimization | Checksum: 1776fb957

Time (s): cpu = 00:00:02 ; elapsed = 00:00:00.87 . Memory (MB): peak = 2728.355 ; gain = 40.020 ; free physical = 76185 ; free virtual = 96622

Time (s): cpu = 00:00:02 ; elapsed = 00:00:00.87 . Memory (MB): peak = 2728.355 ; gain = 40.020 ; free physical = 76185 ; free virtual = 96622
Phase 4.1 Post Commit Optimization | Checksum: 1776fb957

Time (s): cpu = 00:00:02 ; elapsed = 00:00:00.87 . Memory (MB): peak = 2728.355 ; gain = 40.020 ; free physical = 76185 ; free virtual = 96622

Phase 4.2 Post Placement Cleanup
Phase 4.2 Post Placement Cleanup | Checksum: 1776fb957

Time (s): cpu = 00:00:02 ; elapsed = 00:00:00.88 . Memory (MB): peak = 2728.355 ; gain = 40.020 ; free physical = 76185 ; free virtual = 96622

Phase 4.3 Placer Reporting

Phase 4.3.1 Print Estimated Congestion
INFO: [Place 30-612] Post-Placement Estimated Congestion 
 ____________________________________________________
|           | Global Congestion | Short Congestion  |
| Direction | Region Size       | Region Size       |
|___________|___________________|___________________|
|      North|                1x1|                1x1|
|___________|___________________|___________________|
|      South|                1x1|                1x1|
|___________|___________________|___________________|
|       East|                1x1|                1x1|
|___________|___________________|___________________|
|       West|                1x1|                1x1|
|___________|___________________|___________________|

Phase 4.3.1 Print Estimated Congestion | Checksum: 1776fb957

Time (s): cpu = 00:00:02 ; elapsed = 00:00:00.88 . Memory (MB): peak = 2728.355 ; gain = 40.020 ; free physical = 76185 ; free virtual = 96622
Phase 4.3 Placer Reporting | Checksum: 1776fb957

Time (s): cpu = 00:00:02 ; elapsed = 00:00:00.88 . Memory (MB): peak = 2728.355 ; gain = 40.020 ; free physical = 76185 ; free virtual = 96622

Phase 4.4 Final Placement Cleanup
Netlist sorting complete. Time (s): cpu = 00:00:00 ; elapsed = 00:00:00 . Memory (MB): peak = 2728.355 ; gain = 0.000 ; free physical = 76185 ; free virtual = 96622

Time (s): cpu = 00:00:02 ; elapsed = 00:00:00.88 . Memory (MB): peak = 2728.355 ; gain = 40.020 ; free physical = 76185 ; free virtual = 96622
Phase 4 Post Placement Optimization and Clean-Up | Checksum: e46d04ce

Time (s): cpu = 00:00:02 ; elapsed = 00:00:00.88 . Memory (MB): peak = 2728.355 ; gain = 40.020 ; free physical = 76185 ; free virtual = 96622
Ending Placer Task | Checksum: 6a7cd6de

Time (s): cpu = 00:00:02 ; elapsed = 00:00:00.88 . Memory (MB): peak = 2728.355 ; gain = 40.020 ; free physical = 76185 ; free virtual = 96622
63 Infos, 0 Warnings, 0 Critical Warnings and 0 Errors encountered.
place_design completed successfully
INFO: [Vivado 12-24838] Running report commands "report_control_sets, report_io, report_utilization" in parallel.
Running report generation with 3 threads.
INFO: [Vivado 12-24828] Executing command : report_control_sets -verbose -file pynq_z2_top_control_sets_placed.rpt
report_control_sets: Time (s): cpu = 00:00:00.03 ; elapsed = 00:00:00.06 . Memory (MB): peak = 2728.355 ; gain = 0.000 ; free physical = 76165 ; free virtual = 96602
INFO: [Vivado 12-24828] Executing command : report_utilization -file pynq_z2_top_utilization_placed.rpt -pb pynq_z2_top_utilization_placed.pb
INFO: [Vivado 12-24828] Executing command : report_io -file pynq_z2_top_io_placed.rpt
report_io: Time (s): cpu = 00:00:00.09 ; elapsed = 00:00:00.17 . Memory (MB): peak = 2728.355 ; gain = 0.000 ; free physical = 76143 ; free virtual = 96579
INFO: [Timing 38-480] Writing timing data to binary archive.
Write ShapeDB Complete: Time (s): cpu = 00:00:00 ; elapsed = 00:00:00 . Memory (MB): peak = 2728.355 ; gain = 0.000 ; free physical = 76142 ; free virtual = 96579
Wrote PlaceDB: Time (s): cpu = 00:00:00.01 ; elapsed = 00:00:00.01 . Memory (MB): peak = 2728.355 ; gain = 0.000 ; free physical = 76142 ; free virtual = 96579
Wrote PulsedLatchDB: Time (s): cpu = 00:00:00 ; elapsed = 00:00:00 . Memory (MB): peak = 2728.355 ; gain = 0.000 ; free physical = 76142 ; free virtual = 96579
Writing XDEF routing.
Writing XDEF routing logical nets.
Writing XDEF routing special nets.
Wrote RouteStorage: Time (s): cpu = 00:00:00.02 ; elapsed = 00:00:00.01 . Memory (MB): peak = 2728.355 ; gain = 0.000 ; free physical = 76142 ; free virtual = 96579
Wrote Netlist Cache: Time (s): cpu = 00:00:00 ; elapsed = 00:00:00 . Memory (MB): peak = 2728.355 ; gain = 0.000 ; free physical = 76142 ; free virtual = 96579
Wrote Device Cache: Time (s): cpu = 00:00:00.01 ; elapsed = 00:00:00.01 . Memory (MB): peak = 2728.355 ; gain = 0.000 ; free physical = 76141 ; free virtual = 96579
Write Physdb Complete: Time (s): cpu = 00:00:00.04 ; elapsed = 00:00:00.03 . Memory (MB): peak = 2728.355 ; gain = 0.000 ; free physical = 76141 ; free virtual = 96579
INFO: [Common 17-1381] The checkpoint '/home/sunil/Xilinx-Learning/HSVLED_PYNQZ2/HSVLED_PYNQZ2.runs/impl_1/pynq_z2_top_placed.dcp' has been generated.
Command: phys_opt_design
Attempting to get a license for feature 'Implementation' and/or device 'xc7z020'
INFO: [Common 17-349] Got license for feature 'Implementation' and/or device 'xc7z020'

Starting Initial Update Timing Task

Time (s): cpu = 00:00:00.03 ; elapsed = 00:00:00.02 . Memory (MB): peak = 2728.355 ; gain = 0.000 ; free physical = 76130 ; free virtual = 96567
INFO: [Vivado_Tcl 4-2279] Estimated Timing Summary | WNS= 10.349 | TNS= 0.000 | 
INFO: [Vivado_Tcl 4-383] Design worst setup slack (WNS) is greater than or equal to 0.000 ns. All physical synthesis setup optimizations will be skipped.
INFO: [Vivado_Tcl 4-232] No setup violation found. The netlist was not modified.
INFO: [Common 17-83] Releasing license: Implementation
74 Infos, 0 Warnings, 0 Critical Warnings and 0 Errors encountered.
phys_opt_design completed successfully
INFO: [Timing 38-480] Writing timing data to binary archive.
Write ShapeDB Complete: Time (s): cpu = 00:00:00 ; elapsed = 00:00:00 . Memory (MB): peak = 2728.355 ; gain = 0.000 ; free physical = 76130 ; free virtual = 96567
Wrote PlaceDB: Time (s): cpu = 00:00:00.02 ; elapsed = 00:00:00 . Memory (MB): peak = 2728.355 ; gain = 0.000 ; free physical = 76130 ; free virtual = 96567
Wrote PulsedLatchDB: Time (s): cpu = 00:00:00 ; elapsed = 00:00:00 . Memory (MB): peak = 2728.355 ; gain = 0.000 ; free physical = 76130 ; free virtual = 96567
Writing XDEF routing.
Writing XDEF routing logical nets.
Writing XDEF routing special nets.
Wrote RouteStorage: Time (s): cpu = 00:00:00.02 ; elapsed = 00:00:00.02 . Memory (MB): peak = 2728.355 ; gain = 0.000 ; free physical = 76126 ; free virtual = 96564
Wrote Netlist Cache: Time (s): cpu = 00:00:00 ; elapsed = 00:00:00 . Memory (MB): peak = 2728.355 ; gain = 0.000 ; free physical = 76126 ; free virtual = 96564
Wrote Device Cache: Time (s): cpu = 00:00:00.01 ; elapsed = 00:00:00 . Memory (MB): peak = 2728.355 ; gain = 0.000 ; free physical = 76125 ; free virtual = 96564
Write Physdb Complete: Time (s): cpu = 00:00:00.05 ; elapsed = 00:00:00.02 . Memory (MB): peak = 2728.355 ; gain = 0.000 ; free physical = 76121 ; free virtual = 96560
INFO: [Common 17-1381] The checkpoint '/home/sunil/Xilinx-Learning/HSVLED_PYNQZ2/HSVLED_PYNQZ2.runs/impl_1/pynq_z2_top_physopt.dcp' has been generated.
Command: route_design
Attempting to get a license for feature 'Implementation' and/or device 'xc7z020'
INFO: [Common 17-349] Got license for feature 'Implementation' and/or device 'xc7z020'


Starting Routing Task
INFO: [Route 35-254] Multithreading enabled for route_design using a maximum of 8 CPUs

Phase 1 Build RT Design
Checksum: PlaceDB: 2ff87f13 ConstDB: 0 ShapeSum: 248ae4db RouteDB: 15f972f0
Post Restoration Checksum: NetGraph: 349679a6 | NumContArr: ec6a6d15 | Constraints: c2a8fa9d | Timing: c2a8fa9d
Phase 1 Build RT Design | Checksum: 2a652dbf5

Time (s): cpu = 00:00:14 ; elapsed = 00:00:12 . Memory (MB): peak = 2826.793 ; gain = 98.438 ; free physical = 75996 ; free virtual = 96434

Phase 2 Router Initialization

Phase 2.1 Fix Topology Constraints
Phase 2.1 Fix Topology Constraints | Checksum: 2a652dbf5

Time (s): cpu = 00:00:14 ; elapsed = 00:00:12 . Memory (MB): peak = 2826.793 ; gain = 98.438 ; free physical = 75996 ; free virtual = 96434

Phase 2.2 Pre Route Cleanup
Phase 2.2 Pre Route Cleanup | Checksum: 2a652dbf5

Time (s): cpu = 00:00:14 ; elapsed = 00:00:12 . Memory (MB): peak = 2826.793 ; gain = 98.438 ; free physical = 75996 ; free virtual = 96434
 Number of Nodes with overlaps = 0

Phase 2.3 Update Timing
Phase 2.3 Update Timing | Checksum: 1c4277a46

Time (s): cpu = 00:00:14 ; elapsed = 00:00:12 . Memory (MB): peak = 2862.809 ; gain = 134.453 ; free physical = 75965 ; free virtual = 96402
INFO: [Route 35-416] Intermediate Timing Summary | WNS=10.448 | TNS=0.000  | WHS=-0.098 | THS=-1.414 |


Router Utilization Summary
  Global Vertical Routing Utilization    = 0 %
  Global Horizontal Routing Utilization  = 0 %
  Routable Net Status*
  *Does not include unroutable nets such as driverless and loadless.
  Run report_route_status for detailed report.
  Number of Failed Nets               = 118
    (Failed Nets is the sum of unrouted and partially routed nets)
  Number of Unrouted Nets             = 118
  Number of Partially Routed Nets     = 0
  Number of Node Overlaps             = 0

Phase 2 Router Initialization | Checksum: 25093cebd

Time (s): cpu = 00:00:14 ; elapsed = 00:00:12 . Memory (MB): peak = 2862.809 ; gain = 134.453 ; free physical = 75962 ; free virtual = 96399

Phase 3 Global Routing
Phase 3 Global Routing | Checksum: 25093cebd

Time (s): cpu = 00:00:14 ; elapsed = 00:00:12 . Memory (MB): peak = 2862.809 ; gain = 134.453 ; free physical = 75962 ; free virtual = 96399

Phase 4 Initial Routing

Phase 4.1 Initial Net Routing Pass
Phase 4.1 Initial Net Routing Pass | Checksum: 2ae2e7b06

Time (s): cpu = 00:00:14 ; elapsed = 00:00:12 . Memory (MB): peak = 2862.809 ; gain = 134.453 ; free physical = 75962 ; free virtual = 96399
Phase 4 Initial Routing | Checksum: 2ae2e7b06

Time (s): cpu = 00:00:14 ; elapsed = 00:00:12 . Memory (MB): peak = 2862.809 ; gain = 134.453 ; free physical = 75962 ; free virtual = 96399

Phase 5 Rip-up And Reroute

Phase 5.1 Global Iteration 0
 Number of Nodes with overlaps = 5
 Number of Nodes with overlaps = 0
INFO: [Route 35-416] Intermediate Timing Summary | WNS=10.225 | TNS=0.000  | WHS=N/A    | THS=N/A    |

Phase 5.1 Global Iteration 0 | Checksum: 1e34b9ce9

Time (s): cpu = 00:00:14 ; elapsed = 00:00:12 . Memory (MB): peak = 2862.809 ; gain = 134.453 ; free physical = 75962 ; free virtual = 96400

Phase 5.2 Global Iteration 1
 Number of Nodes with overlaps = 0
INFO: [Route 35-416] Intermediate Timing Summary | WNS=10.225 | TNS=0.000  | WHS=N/A    | THS=N/A    |

Phase 5.2 Global Iteration 1 | Checksum: 199c19366

Time (s): cpu = 00:00:14 ; elapsed = 00:00:12 . Memory (MB): peak = 2862.809 ; gain = 134.453 ; free physical = 75962 ; free virtual = 96400
Phase 5 Rip-up And Reroute | Checksum: 199c19366

Time (s): cpu = 00:00:14 ; elapsed = 00:00:12 . Memory (MB): peak = 2862.809 ; gain = 134.453 ; free physical = 75962 ; free virtual = 96400

Phase 6 Delay and Skew Optimization

Phase 6.1 Delay CleanUp
Phase 6.1 Delay CleanUp | Checksum: 199c19366

Time (s): cpu = 00:00:14 ; elapsed = 00:00:12 . Memory (MB): peak = 2862.809 ; gain = 134.453 ; free physical = 75962 ; free virtual = 96400

Phase 6.2 Clock Skew Optimization
Phase 6.2 Clock Skew Optimization | Checksum: 199c19366

Time (s): cpu = 00:00:14 ; elapsed = 00:00:12 . Memory (MB): peak = 2862.809 ; gain = 134.453 ; free physical = 75962 ; free virtual = 96400
Phase 6 Delay and Skew Optimization | Checksum: 199c19366

Time (s): cpu = 00:00:14 ; elapsed = 00:00:12 . Memory (MB): peak = 2862.809 ; gain = 134.453 ; free physical = 75962 ; free virtual = 96400

Phase 7 Post Hold Fix

Phase 7.1 Hold Fix Iter
INFO: [Route 35-416] Intermediate Timing Summary | WNS=10.239 | TNS=0.000  | WHS=0.054  | THS=0.000  |

Phase 7.1 Hold Fix Iter | Checksum: 1e6545870

Time (s): cpu = 00:00:14 ; elapsed = 00:00:12 . Memory (MB): peak = 2862.809 ; gain = 134.453 ; free physical = 75962 ; free virtual = 96400
Phase 7 Post Hold Fix | Checksum: 1e6545870

Time (s): cpu = 00:00:14 ; elapsed = 00:00:12 . Memory (MB): peak = 2862.809 ; gain = 134.453 ; free physical = 75962 ; free virtual = 96400

Phase 8 Route finalize

Router Utilization Summary
  Global Vertical Routing Utilization    = 0.0160505 %
  Global Horizontal Routing Utilization  = 0.0151285 %
  Routable Net Status*
  *Does not include unroutable nets such as driverless and loadless.
  Run report_route_status for detailed report.
  Number of Failed Nets               = 0
    (Failed Nets is the sum of unrouted and partially routed nets)
  Number of Unrouted Nets             = 0
  Number of Partially Routed Nets     = 0
  Number of Node Overlaps             = 0

Phase 8 Route finalize | Checksum: 1e6545870

Time (s): cpu = 00:00:15 ; elapsed = 00:00:12 . Memory (MB): peak = 2862.809 ; gain = 134.453 ; free physical = 75962 ; free virtual = 96400

Phase 9 Verifying routed nets

 Verification completed successfully
Phase 9 Verifying routed nets | Checksum: 1e6545870

Time (s): cpu = 00:00:15 ; elapsed = 00:00:12 . Memory (MB): peak = 2862.809 ; gain = 134.453 ; free physical = 75962 ; free virtual = 96400

Phase 10 Depositing Routes
Phase 10 Depositing Routes | Checksum: 264284d66

Time (s): cpu = 00:00:15 ; elapsed = 00:00:12 . Memory (MB): peak = 2862.809 ; gain = 134.453 ; free physical = 75962 ; free virtual = 96400

Phase 11 Post Process Routing
Phase 11 Post Process Routing | Checksum: 264284d66

Time (s): cpu = 00:00:15 ; elapsed = 00:00:12 . Memory (MB): peak = 2862.809 ; gain = 134.453 ; free physical = 75962 ; free virtual = 96400

Phase 12 Post Router Timing
INFO: [Route 35-57] Estimated Timing Summary | WNS=10.239 | TNS=0.000  | WHS=0.054  | THS=0.000  |

INFO: [Route 35-327] The final timing numbers are based on the router estimated timing analysis. For a complete and accurate timing signoff, please run report_timing_summary.
Phase 12 Post Router Timing | Checksum: 264284d66

Time (s): cpu = 00:00:15 ; elapsed = 00:00:12 . Memory (MB): peak = 2862.809 ; gain = 134.453 ; free physical = 75962 ; free virtual = 96400
Total Elapsed time in route_design: 11.94 secs

Phase 13 Post-Route Event Processing
Phase 13 Post-Route Event Processing | Checksum: 12cf22a60

Time (s): cpu = 00:00:15 ; elapsed = 00:00:12 . Memory (MB): peak = 2862.809 ; gain = 134.453 ; free physical = 75962 ; free virtual = 96400
INFO: [Route 35-16] Router Completed Successfully
Ending Routing Task | Checksum: 12cf22a60

Time (s): cpu = 00:00:15 ; elapsed = 00:00:12 . Memory (MB): peak = 2862.809 ; gain = 134.453 ; free physical = 75962 ; free virtual = 96400

Routing Is Done.
INFO: [Common 17-83] Releasing license: Implementation
86 Infos, 0 Warnings, 0 Critical Warnings and 0 Errors encountered.
route_design completed successfully
route_design: Time (s): cpu = 00:00:15 ; elapsed = 00:00:12 . Memory (MB): peak = 2862.809 ; gain = 134.453 ; free physical = 75962 ; free virtual = 96400
INFO: [Vivado 12-24828] Executing command : report_drc -file pynq_z2_top_drc_routed.rpt -pb pynq_z2_top_drc_routed.pb -rpx pynq_z2_top_drc_routed.rpx
Command: report_drc -file pynq_z2_top_drc_routed.rpt -pb pynq_z2_top_drc_routed.pb -rpx pynq_z2_top_drc_routed.rpx
INFO: [IP_Flow 19-1839] IP Catalog is up to date.
INFO: [DRC 23-27] Running DRC with 8 threads
INFO: [Vivado_Tcl 2-168] The results of DRC are in file /home/sunil/Xilinx-Learning/HSVLED_PYNQZ2/HSVLED_PYNQZ2.runs/impl_1/pynq_z2_top_drc_routed.rpt.
report_drc completed successfully
INFO: [Vivado 12-24828] Executing command : report_methodology -file pynq_z2_top_methodology_drc_routed.rpt -pb pynq_z2_top_methodology_drc_routed.pb -rpx pynq_z2_top_methodology_drc_routed.rpx
Command: report_methodology -file pynq_z2_top_methodology_drc_routed.rpt -pb pynq_z2_top_methodology_drc_routed.pb -rpx pynq_z2_top_methodology_drc_routed.rpx
INFO: [Timing 38-35] Done setting XDC timing constraints.
INFO: [DRC 23-133] Running Methodology with 8 threads
INFO: [Vivado_Tcl 2-1520] The results of Report Methodology are in file /home/sunil/Xilinx-Learning/HSVLED_PYNQZ2/HSVLED_PYNQZ2.runs/impl_1/pynq_z2_top_methodology_drc_routed.rpt.
report_methodology completed successfully
INFO: [Vivado 12-24828] Executing command : report_timing_summary -max_paths 10 -report_unconstrained -file pynq_z2_top_timing_summary_routed.rpt -pb pynq_z2_top_timing_summary_routed.pb -rpx pynq_z2_top_timing_summary_routed.rpx -warn_on_violation 
INFO: [Timing 38-35] Done setting XDC timing constraints.
INFO: [Timing 38-91] UpdateTimingParams: Speed grade: -1, Delay Type: min_max.
INFO: [Timing 38-191] Multithreading enabled for timing update using a maximum of 8 CPUs
INFO: [Vivado 12-24838] Running report commands "report_bus_skew, report_incremental_reuse, report_route_status" in parallel.
Running report generation with 3 threads.
INFO: [Vivado 12-24828] Executing command : report_route_status -file pynq_z2_top_route_status.rpt -pb pynq_z2_top_route_status.pb
INFO: [Vivado 12-24828] Executing command : report_incremental_reuse -file pynq_z2_top_incremental_reuse_routed.rpt
INFO: [Vivado_Tcl 4-1062] Incremental flow is disabled. No incremental reuse Info to report.
INFO: [Vivado 12-24828] Executing command : report_bus_skew -warn_on_violation -file pynq_z2_top_bus_skew_routed.rpt -pb pynq_z2_top_bus_skew_routed.pb -rpx pynq_z2_top_bus_skew_routed.rpx
INFO: [Timing 38-91] UpdateTimingParams: Speed grade: -1, Delay Type: min_max.
INFO: [Timing 38-191] Multithreading enabled for timing update using a maximum of 8 CPUs
INFO: [Vivado 12-24828] Executing command : report_power -file pynq_z2_top_power_routed.rpt -pb pynq_z2_top_power_summary_routed.pb -rpx pynq_z2_top_power_routed.rpx
Command: report_power -file pynq_z2_top_power_routed.rpt -pb pynq_z2_top_power_summary_routed.pb -rpx pynq_z2_top_power_routed.rpx
Running Vector-less Activity Propagation...

Finished Running Vector-less Activity Propagation
106 Infos, 0 Warnings, 0 Critical Warnings and 0 Errors encountered.
report_power completed successfully
INFO: [Vivado 12-24828] Executing command : report_clock_utilization -file pynq_z2_top_clock_utilization_routed.rpt
INFO: [Timing 38-480] Writing timing data to binary archive.
Write ShapeDB Complete: Time (s): cpu = 00:00:00 ; elapsed = 00:00:00 . Memory (MB): peak = 3010.957 ; gain = 0.000 ; free physical = 75853 ; free virtual = 96291
Wrote PlaceDB: Time (s): cpu = 00:00:00.01 ; elapsed = 00:00:00.01 . Memory (MB): peak = 3010.957 ; gain = 0.000 ; free physical = 75853 ; free virtual = 96291
Wrote PulsedLatchDB: Time (s): cpu = 00:00:00.01 ; elapsed = 00:00:00 . Memory (MB): peak = 3010.957 ; gain = 0.000 ; free physical = 75853 ; free virtual = 96291
Writing XDEF routing.
Writing XDEF routing logical nets.
Writing XDEF routing special nets.
Wrote RouteStorage: Time (s): cpu = 00:00:00.03 ; elapsed = 00:00:00.01 . Memory (MB): peak = 3010.957 ; gain = 0.000 ; free physical = 75853 ; free virtual = 96291
Wrote Netlist Cache: Time (s): cpu = 00:00:00 ; elapsed = 00:00:00 . Memory (MB): peak = 3010.957 ; gain = 0.000 ; free physical = 75853 ; free virtual = 96291
Wrote Device Cache: Time (s): cpu = 00:00:00 ; elapsed = 00:00:00.01 . Memory (MB): peak = 3010.957 ; gain = 0.000 ; free physical = 75853 ; free virtual = 96292
Write Physdb Complete: Time (s): cpu = 00:00:00.06 ; elapsed = 00:00:00.03 . Memory (MB): peak = 3010.957 ; gain = 0.000 ; free physical = 75853 ; free virtual = 96292
INFO: [Common 17-1381] The checkpoint '/home/sunil/Xilinx-Learning/HSVLED_PYNQZ2/HSVLED_PYNQZ2.runs/impl_1/pynq_z2_top_routed.dcp' has been generated.
INFO: [Common 17-206] Exiting Vivado at Mon Mar 31 21:26:22 2025...

*** Running vivado
    with args -log pynq_z2_top.vdi -applog -m64 -product Vivado -messageDb vivado.pb -mode batch -source pynq_z2_top.tcl -notrace


****** Vivado v2024.2 (64-bit)
  **** SW Build 5239630 on Fri Nov 08 22:34:34 MST 2024
  **** IP Build 5239520 on Sun Nov 10 16:12:51 MST 2024
  **** SharedData Build 5239561 on Fri Nov 08 14:39:27 MST 2024
  **** Start of session at: Mon Mar 31 21:26:49 2025
    ** Copyright 1986-2022 Xilinx, Inc. All Rights Reserved.
    ** Copyright 2022-2024 Advanced Micro Devices, Inc. All Rights Reserved.

source pynq_z2_top.tcl -notrace
Command: open_checkpoint pynq_z2_top_routed.dcp
INFO: [Device 21-403] Loading part xc7z020clg400-1
Netlist sorting complete. Time (s): cpu = 00:00:00 ; elapsed = 00:00:00 . Memory (MB): peak = 1517.621 ; gain = 0.000 ; free physical = 77181 ; free virtual = 97620
INFO: [Netlist 29-17] Analyzing 12 Unisim elements for replacement
INFO: [Netlist 29-28] Unisim Transformation completed in 0 CPU seconds
INFO: [Project 1-479] Netlist was created with Vivado 2024.2
INFO: [Project 1-570] Preparing netlist for logic optimization
Read ShapeDB Complete: Time (s): cpu = 00:00:00.01 ; elapsed = 00:00:00.01 . Memory (MB): peak = 1579.465 ; gain = 0.000 ; free physical = 77086 ; free virtual = 97525
INFO: [Timing 38-478] Restoring timing data from binary archive.
INFO: [Timing 38-479] Binary timing data restore complete.
INFO: [Project 1-856] Restoring constraints from binary archive.
INFO: [Project 1-853] Binary constraint restore complete.
INFO: [Designutils 20-5722] Start Reading Physical Databases.
Reading placement.
Read Netlist Cache: Time (s): cpu = 00:00:00 ; elapsed = 00:00:00 . Memory (MB): peak = 2193.980 ; gain = 0.000 ; free physical = 76564 ; free virtual = 97002
Reading placer database...
Read Device Cache: Time (s): cpu = 00:00:00 ; elapsed = 00:00:00 . Memory (MB): peak = 2193.980 ; gain = 0.000 ; free physical = 76564 ; free virtual = 97002
Read PlaceDB: Time (s): cpu = 00:00:00.01 ; elapsed = 00:00:00.01 . Memory (MB): peak = 2193.980 ; gain = 0.000 ; free physical = 76564 ; free virtual = 97002
Read PulsedLatchDB: Time (s): cpu = 00:00:00 ; elapsed = 00:00:00 . Memory (MB): peak = 2193.980 ; gain = 0.000 ; free physical = 76564 ; free virtual = 97002
Reading routing.
Read RouteStorage: Time (s): cpu = 00:00:00 ; elapsed = 00:00:00 . Memory (MB): peak = 2193.980 ; gain = 0.000 ; free physical = 76564 ; free virtual = 97002
Read Physdb Files: Time (s): cpu = 00:00:00.02 ; elapsed = 00:00:00.01 . Memory (MB): peak = 2193.980 ; gain = 0.000 ; free physical = 76564 ; free virtual = 97002
Restored from archive | CPU: 0.060000 secs | Memory: 1.279243 MB |
Finished XDEF File Restore: Time (s): cpu = 00:00:00.05 ; elapsed = 00:00:00.04 . Memory (MB): peak = 2193.980 ; gain = 6.938 ; free physical = 76564 ; free virtual = 97002
Netlist sorting complete. Time (s): cpu = 00:00:00 ; elapsed = 00:00:00 . Memory (MB): peak = 2193.980 ; gain = 0.000 ; free physical = 76564 ; free virtual = 97002
INFO: [Project 1-111] Unisim Transformation Summary:
No Unisim elements were transformed.

INFO: [Project 1-604] Checkpoint was created with Vivado v2024.2 (64-bit) build 5239630
open_checkpoint: Time (s): cpu = 00:00:07 ; elapsed = 00:00:08 . Memory (MB): peak = 2193.980 ; gain = 748.793 ; free physical = 76564 ; free virtual = 97002
Command: write_bitstream -force pynq_z2_top.bit
Attempting to get a license for feature 'Implementation' and/or device 'xc7z020'
INFO: [Common 17-349] Got license for feature 'Implementation' and/or device 'xc7z020'
Running DRC as a precondition to command write_bitstream
INFO: [IP_Flow 19-234] Refreshing IP repositories
INFO: [IP_Flow 19-1704] No user IP repositories specified
INFO: [IP_Flow 19-2313] Loaded Vivado IP repository '/tools/Xilinx/Vivado/2024.2/data/ip'.
INFO: [DRC 23-27] Running DRC with 8 threads
INFO: [Vivado 12-3199] DRC finished with 0 Errors
INFO: [Vivado 12-3200] Please refer to the DRC report (report_drc) for more information.
INFO: [Designutils 20-2272] Running write_bitstream with 8 threads.
Loading data files...
Loading site data...
Loading route data...
Processing options...
Creating bitmap...
Creating bitstream...
Writing bitstream ./pynq_z2_top.bit...
INFO: [Vivado 12-1842] Bitgen Completed Successfully.
INFO: [Project 1-1876] WebTalk data collection is mandatory when using a ULT device. To see the specific WebTalk data collected for your design, open the usage_statistics_webtalk.html or usage_statistics_webtalk.xml file in the implementation directory.
INFO: [Common 17-83] Releasing license: Implementation
23 Infos, 0 Warnings, 0 Critical Warnings and 0 Errors encountered.
write_bitstream completed successfully
write_bitstream: Time (s): cpu = 00:00:09 ; elapsed = 00:00:05 . Memory (MB): peak = 2746.695 ; gain = 552.715 ; free physical = 76069 ; free virtual = 96512
INFO: [Common 17-206] Exiting Vivado at Mon Mar 31 21:27:04 2025...

*** Running vivado
    with args -log pynq_z2_top.vdi -applog -m64 -product Vivado -messageDb vivado.pb -mode batch -source pynq_z2_top.tcl -notrace


****** Vivado v2024.2 (64-bit)
  **** SW Build 5239630 on Fri Nov 08 22:34:34 MST 2024
  **** IP Build 5239520 on Sun Nov 10 16:12:51 MST 2024
  **** SharedData Build 5239561 on Fri Nov 08 14:39:27 MST 2024
  **** Start of session at: Mon Mar 31 21:43:08 2025
    ** Copyright 1986-2022 Xilinx, Inc. All Rights Reserved.
    ** Copyright 2022-2024 Advanced Micro Devices, Inc. All Rights Reserved.

source pynq_z2_top.tcl -notrace
Command: open_checkpoint pynq_z2_top_routed.dcp
INFO: [Device 21-403] Loading part xc7z020clg400-1
Netlist sorting complete. Time (s): cpu = 00:00:00 ; elapsed = 00:00:00.01 . Memory (MB): peak = 1517.191 ; gain = 0.000 ; free physical = 76590 ; free virtual = 97073
INFO: [Netlist 29-17] Analyzing 12 Unisim elements for replacement
INFO: [Netlist 29-28] Unisim Transformation completed in 0 CPU seconds
INFO: [Project 1-479] Netlist was created with Vivado 2024.2
INFO: [Project 1-570] Preparing netlist for logic optimization
Read ShapeDB Complete: Time (s): cpu = 00:00:00 ; elapsed = 00:00:00 . Memory (MB): peak = 1579.035 ; gain = 0.000 ; free physical = 76495 ; free virtual = 96978
INFO: [Timing 38-478] Restoring timing data from binary archive.
INFO: [Timing 38-479] Binary timing data restore complete.
INFO: [Project 1-856] Restoring constraints from binary archive.
INFO: [Project 1-853] Binary constraint restore complete.
INFO: [Designutils 20-5722] Start Reading Physical Databases.
Reading placement.
Read Netlist Cache: Time (s): cpu = 00:00:00 ; elapsed = 00:00:00 . Memory (MB): peak = 2193.254 ; gain = 0.000 ; free physical = 75975 ; free virtual = 96457
Reading placer database...
Read Device Cache: Time (s): cpu = 00:00:00 ; elapsed = 00:00:00.01 . Memory (MB): peak = 2193.254 ; gain = 0.000 ; free physical = 75975 ; free virtual = 96457
Read PlaceDB: Time (s): cpu = 00:00:00.01 ; elapsed = 00:00:00 . Memory (MB): peak = 2193.254 ; gain = 0.000 ; free physical = 75975 ; free virtual = 96457
Read PulsedLatchDB: Time (s): cpu = 00:00:00 ; elapsed = 00:00:00 . Memory (MB): peak = 2193.254 ; gain = 0.000 ; free physical = 75975 ; free virtual = 96457
Reading routing.
Read RouteStorage: Time (s): cpu = 00:00:00 ; elapsed = 00:00:00.01 . Memory (MB): peak = 2193.254 ; gain = 0.000 ; free physical = 75975 ; free virtual = 96457
Read Physdb Files: Time (s): cpu = 00:00:00.02 ; elapsed = 00:00:00.02 . Memory (MB): peak = 2193.254 ; gain = 0.000 ; free physical = 75975 ; free virtual = 96457
Restored from archive | CPU: 0.050000 secs | Memory: 1.279243 MB |
Finished XDEF File Restore: Time (s): cpu = 00:00:00.05 ; elapsed = 00:00:00.05 . Memory (MB): peak = 2193.254 ; gain = 5.938 ; free physical = 75975 ; free virtual = 96457
Netlist sorting complete. Time (s): cpu = 00:00:00 ; elapsed = 00:00:00 . Memory (MB): peak = 2193.254 ; gain = 0.000 ; free physical = 75975 ; free virtual = 96457
INFO: [Project 1-111] Unisim Transformation Summary:
No Unisim elements were transformed.

INFO: [Project 1-604] Checkpoint was created with Vivado v2024.2 (64-bit) build 5239630
open_checkpoint: Time (s): cpu = 00:00:07 ; elapsed = 00:00:08 . Memory (MB): peak = 2193.254 ; gain = 716.715 ; free physical = 75975 ; free virtual = 96457
Command: write_bitstream -force pynq_z2_top.bit
Attempting to get a license for feature 'Implementation' and/or device 'xc7z020'
INFO: [Common 17-349] Got license for feature 'Implementation' and/or device 'xc7z020'
Running DRC as a precondition to command write_bitstream
INFO: [IP_Flow 19-234] Refreshing IP repositories
INFO: [IP_Flow 19-1704] No user IP repositories specified
INFO: [IP_Flow 19-2313] Loaded Vivado IP repository '/tools/Xilinx/Vivado/2024.2/data/ip'.
INFO: [DRC 23-27] Running DRC with 8 threads
INFO: [Vivado 12-3199] DRC finished with 0 Errors
INFO: [Vivado 12-3200] Please refer to the DRC report (report_drc) for more information.
INFO: [Designutils 20-2272] Running write_bitstream with 8 threads.
Loading data files...
Loading site data...
Loading route data...
Processing options...
Creating bitmap...
Creating bitstream...
Writing bitstream ./pynq_z2_top.bit...
INFO: [Vivado 12-1842] Bitgen Completed Successfully.
INFO: [Project 1-1876] WebTalk data collection is mandatory when using a ULT device. To see the specific WebTalk data collected for your design, open the usage_statistics_webtalk.html or usage_statistics_webtalk.xml file in the implementation directory.
INFO: [Common 17-83] Releasing license: Implementation
23 Infos, 0 Warnings, 0 Critical Warnings and 0 Errors encountered.
write_bitstream completed successfully
write_bitstream: Time (s): cpu = 00:00:09 ; elapsed = 00:00:05 . Memory (MB): peak = 2745.875 ; gain = 552.621 ; free physical = 75498 ; free virtual = 95984
INFO: [Common 17-206] Exiting Vivado at Mon Mar 31 21:43:23 2025...

*** Running vivado
    with args -log pynq_z2_top.vdi -applog -m64 -product Vivado -messageDb vivado.pb -mode batch -source pynq_z2_top.tcl -notrace


****** Vivado v2024.2 (64-bit)
  **** SW Build 5239630 on Fri Nov 08 22:34:34 MST 2024
  **** IP Build 5239520 on Sun Nov 10 16:12:51 MST 2024
  **** SharedData Build 5239561 on Fri Nov 08 14:39:27 MST 2024
  **** Start of session at: Mon Mar 31 21:46:28 2025
    ** Copyright 1986-2022 Xilinx, Inc. All Rights Reserved.
    ** Copyright 2022-2024 Advanced Micro Devices, Inc. All Rights Reserved.

source pynq_z2_top.tcl -notrace
Command: open_checkpoint pynq_z2_top_routed.dcp
INFO: [Device 21-403] Loading part xc7z020clg400-1
Netlist sorting complete. Time (s): cpu = 00:00:00 ; elapsed = 00:00:00 . Memory (MB): peak = 1518.129 ; gain = 0.000 ; free physical = 76656 ; free virtual = 97141
INFO: [Netlist 29-17] Analyzing 12 Unisim elements for replacement
INFO: [Netlist 29-28] Unisim Transformation completed in 0 CPU seconds
INFO: [Project 1-479] Netlist was created with Vivado 2024.2
INFO: [Project 1-570] Preparing netlist for logic optimization
Read ShapeDB Complete: Time (s): cpu = 00:00:00.01 ; elapsed = 00:00:00 . Memory (MB): peak = 1578.973 ; gain = 0.000 ; free physical = 76553 ; free virtual = 97038
INFO: [Timing 38-478] Restoring timing data from binary archive.
INFO: [Timing 38-479] Binary timing data restore complete.
INFO: [Project 1-856] Restoring constraints from binary archive.
INFO: [Project 1-853] Binary constraint restore complete.
INFO: [Designutils 20-5722] Start Reading Physical Databases.
Reading placement.
Read Netlist Cache: Time (s): cpu = 00:00:00 ; elapsed = 00:00:00 . Memory (MB): peak = 2194.191 ; gain = 0.000 ; free physical = 76033 ; free virtual = 96518
Reading placer database...
Read Device Cache: Time (s): cpu = 00:00:00.01 ; elapsed = 00:00:00.01 . Memory (MB): peak = 2194.191 ; gain = 0.000 ; free physical = 76033 ; free virtual = 96518
Read PlaceDB: Time (s): cpu = 00:00:00 ; elapsed = 00:00:00 . Memory (MB): peak = 2194.191 ; gain = 0.000 ; free physical = 76033 ; free virtual = 96518
Read PulsedLatchDB: Time (s): cpu = 00:00:00 ; elapsed = 00:00:00 . Memory (MB): peak = 2194.191 ; gain = 0.000 ; free physical = 76033 ; free virtual = 96518
Reading routing.
Read RouteStorage: Time (s): cpu = 00:00:00.01 ; elapsed = 00:00:00 . Memory (MB): peak = 2194.191 ; gain = 0.000 ; free physical = 76033 ; free virtual = 96518
Read Physdb Files: Time (s): cpu = 00:00:00.02 ; elapsed = 00:00:00.01 . Memory (MB): peak = 2194.191 ; gain = 0.000 ; free physical = 76033 ; free virtual = 96518
Restored from archive | CPU: 0.040000 secs | Memory: 1.279243 MB |
Finished XDEF File Restore: Time (s): cpu = 00:00:00.04 ; elapsed = 00:00:00.04 . Memory (MB): peak = 2194.191 ; gain = 6.938 ; free physical = 76033 ; free virtual = 96518
Netlist sorting complete. Time (s): cpu = 00:00:00 ; elapsed = 00:00:00 . Memory (MB): peak = 2194.191 ; gain = 0.000 ; free physical = 76033 ; free virtual = 96518
INFO: [Project 1-111] Unisim Transformation Summary:
No Unisim elements were transformed.

INFO: [Project 1-604] Checkpoint was created with Vivado v2024.2 (64-bit) build 5239630
open_checkpoint: Time (s): cpu = 00:00:07 ; elapsed = 00:00:08 . Memory (MB): peak = 2194.191 ; gain = 716.684 ; free physical = 76033 ; free virtual = 96518
Command: write_bitstream -force pynq_z2_top.bit
Attempting to get a license for feature 'Implementation' and/or device 'xc7z020'
INFO: [Common 17-349] Got license for feature 'Implementation' and/or device 'xc7z020'
Running DRC as a precondition to command write_bitstream
INFO: [IP_Flow 19-234] Refreshing IP repositories
INFO: [IP_Flow 19-1704] No user IP repositories specified
INFO: [IP_Flow 19-2313] Loaded Vivado IP repository '/tools/Xilinx/Vivado/2024.2/data/ip'.
INFO: [DRC 23-27] Running DRC with 8 threads
INFO: [Vivado 12-3199] DRC finished with 0 Errors
INFO: [Vivado 12-3200] Please refer to the DRC report (report_drc) for more information.
INFO: [Designutils 20-2272] Running write_bitstream with 8 threads.
Loading data files...
Loading site data...
Loading route data...
Processing options...
Creating bitmap...
Creating bitstream...
Writing bitstream ./pynq_z2_top.bit...
INFO: [Vivado 12-1842] Bitgen Completed Successfully.
INFO: [Project 1-1876] WebTalk data collection is mandatory when using a ULT device. To see the specific WebTalk data collected for your design, open the usage_statistics_webtalk.html or usage_statistics_webtalk.xml file in the implementation directory.
INFO: [Common 17-83] Releasing license: Implementation
23 Infos, 0 Warnings, 0 Critical Warnings and 0 Errors encountered.
write_bitstream completed successfully
write_bitstream: Time (s): cpu = 00:00:09 ; elapsed = 00:00:05 . Memory (MB): peak = 2746.000 ; gain = 551.809 ; free physical = 75531 ; free virtual = 96020
INFO: [Common 17-206] Exiting Vivado at Mon Mar 31 21:46:42 2025...
