#-----------------------------------------------------------
# Vivado v2024.2 (64-bit)
# SW Build 5239630 on Fri Nov 08 22:34:34 MST 2024
# IP Build 5239520 on Sun Nov 10 16:12:51 MST 2024
# SharedData Build 5239561 on Fri Nov 08 14:39:27 MST 2024
# Start of session at: Tue Jan 21 21:50:42 2025
# Process ID         : 164750
# Current directory  : /home/sunildj/Xilinx-Learning
# Command line       : vivado
# Log file           : /home/sunildj/Xilinx-Learning/vivado.log
# Journal file       : /home/sunildj/Xilinx-Learning/vivado.jou
# Running On         : HPCR7Z3080Ti
# Platform           : Ubuntu
# Operating System   : Ubuntu 22.04.5 LTS
# Processor Detail   : AMD Ryzen 7 5700X 8-Core Processor
# CPU Frequency      : 2200.000 MHz
# CPU Physical cores : 8
# CPU Logical cores  : 16
# Host memory        : 101164 MB
# Swap memory        : 2147 MB
# Total Virtual      : 103312 MB
# Available Virtual  : 94178 MB
#-----------------------------------------------------------
start_gui
open_project /home/sunildj/Xilinx-Learning/counter_basys3/counter_basys3.xpr
INFO: [filemgmt 56-3] Default IP Output Path : Could not find the directory '/home/sunildj/Xilinx-Learning/counter_basys3/counter_basys3.gen/sources_1'.
Scanning sources...
Finished scanning sources
INFO: [IP_Flow 19-234] Refreshing IP repositories
INFO: [IP_Flow 19-1704] No user IP repositories specified
INFO: [IP_Flow 19-2313] Loaded Vivado IP repository '/tools/Xilinx/Vivado/2024.2/data/ip'.
update_compile_order -fileset sources_1
reset_run synth_1
INFO: [Project 1-1161] Replacing file /home/sunildj/Xilinx-Learning/counter_basys3/counter_basys3.srcs/utils_1/imports/synth_1/top.dcp with file /home/sunildj/Xilinx-Learning/counter_basys3/counter_basys3.runs/synth_1/top.dcp
launch_runs synth_1 -jobs 16
[Tue Jan 21 21:51:37 2025] Launched synth_1...
Run output will be captured here: /home/sunildj/Xilinx-Learning/counter_basys3/counter_basys3.runs/synth_1/runme.log
WARNING: [filemgmt 56-199] Attempt to get parsing info during refresh. "On-the-fly" syntax checking information may be incorrect. [/home/sunildj/Xilinx-Learning/counter_basys3/counter_basys3.srcs/sources_1/new/disp_ctrl.v:]
WARNING: [filemgmt 56-199] Attempt to get parsing info during refresh. "On-the-fly" syntax checking information may be incorrect. [/home/sunildj/Xilinx-Learning/counter_basys3/counter_basys3.srcs/sources_1/new/counter_top.v:]
WARNING: [filemgmt 56-199] Attempt to get parsing info during refresh. "On-the-fly" syntax checking information may be incorrect. [/home/sunildj/Xilinx-Learning/counter_basys3/counter_basys3.srcs/sources_1/new/counter_top.v:]
WARNING: [filemgmt 56-199] Attempt to get parsing info during refresh. "On-the-fly" syntax checking information may be incorrect. [/home/sunildj/Xilinx-Learning/counter_basys3/counter_basys3.srcs/sources_1/new/counter_top.v:]
reset_run synth_1
launch_runs synth_1 -jobs 16
[Tue Jan 21 21:52:50 2025] Launched synth_1...
Run output will be captured here: /home/sunildj/Xilinx-Learning/counter_basys3/counter_basys3.runs/synth_1/runme.log
launch_runs impl_1 -jobs 16
[Tue Jan 21 21:53:23 2025] Launched impl_1...
Run output will be captured here: /home/sunildj/Xilinx-Learning/counter_basys3/counter_basys3.runs/impl_1/runme.log
launch_runs impl_1 -to_step write_bitstream -jobs 16
[Tue Jan 21 21:53:54 2025] Launched impl_1...
Run output will be captured here: /home/sunildj/Xilinx-Learning/counter_basys3/counter_basys3.runs/impl_1/runme.log
open_hw_manager
connect_hw_server -allow_non_jtag
INFO: [Labtools 27-2285] Connecting to hw_server url TCP:localhost:3121
INFO: [Labtools 27-2222] Launching hw_server...
INFO: [Labtools 27-2221] Launch Output:

****** Xilinx hw_server v2024.2
  **** Build date : Oct 29 2024 at 10:16:47
    ** Copyright 1986-2022 Xilinx, Inc. All Rights Reserved.


INFO: [Labtools 27-3415] Connecting to cs_server url TCP:localhost:0
INFO: [Labtools 27-3417] Launching cs_server...
INFO: [Labtools 27-2221] Launch Output:


******** Xilinx cs_server v2024.2.0
  ****** Build date   : Oct 30 2024-23:49:07
    **** Build number : 2024.2.1730312347
      ** Copyright 2017-2022 Xilinx, Inc. All Rights Reserved.
      ** Copyright 2022-2025 Advanced Micro Devices, Inc. All Rights Reserved.



open_hw_target
INFO: [Labtoolstcl 44-466] Opening hw_target localhost:3121/xilinx_tcf/Digilent/210183BB7D26A
set_property PROGRAM.FILE {/home/sunildj/Xilinx-Learning/counter_basys3/counter_basys3.runs/impl_1/top.bit} [get_hw_devices xc7a35t_0]
current_hw_device [get_hw_devices xc7a35t_0]
refresh_hw_device -update_hw_probes false [lindex [get_hw_devices xc7a35t_0] 0]
INFO: [Labtools 27-1434] Device xc7a35t (JTAG device index = 0) is programmed with a design that has no supported debug core(s) in it.
create_hw_cfgmem -hw_device [get_hw_devices xc7a35t_0] -mem_dev [lindex [get_cfgmem_parts {mx25l3273f-spi-x1_x2_x4}] 0]
set_property PROBES.FILE {} [get_hw_devices xc7a35t_0]
set_property FULL_PROBES.FILE {} [get_hw_devices xc7a35t_0]
set_property PROGRAM.FILE {/home/sunildj/Xilinx-Learning/counter_basys3/counter_basys3.runs/impl_1/top.bit} [get_hw_devices xc7a35t_0]
program_hw_devices [get_hw_devices xc7a35t_0]
INFO: [Labtools 27-3164] End of startup status: HIGH
refresh_hw_device [lindex [get_hw_devices xc7a35t_0] 0]
INFO: [Labtools 27-1434] Device xc7a35t (JTAG device index = 0) is programmed with a design that has no supported debug core(s) in it.
WARNING: [filemgmt 56-199] Attempt to get parsing info during refresh. "On-the-fly" syntax checking information may be incorrect. [/home/sunildj/Xilinx-Learning/counter_basys3/counter_basys3.srcs/sources_1/new/disp_ctrl.v:]
WARNING: [filemgmt 56-199] Attempt to get parsing info during refresh. "On-the-fly" syntax checking information may be incorrect. [/home/sunildj/Xilinx-Learning/counter_basys3/counter_basys3.srcs/sources_1/new/counter_top.v:]
WARNING: [filemgmt 56-199] Attempt to get parsing info during refresh. "On-the-fly" syntax checking information may be incorrect. [/home/sunildj/Xilinx-Learning/counter_basys3/counter_basys3.srcs/sources_1/new/counter_top.v:]
WARNING: [filemgmt 56-199] Attempt to get parsing info during refresh. "On-the-fly" syntax checking information may be incorrect. [/home/sunildj/Xilinx-Learning/counter_basys3/counter_basys3.srcs/sources_1/new/counter_top.v:]
reset_run synth_1
INFO: [Project 1-1161] Replacing file /home/sunildj/Xilinx-Learning/counter_basys3/counter_basys3.srcs/utils_1/imports/synth_1/top.dcp with file /home/sunildj/Xilinx-Learning/counter_basys3/counter_basys3.runs/synth_1/top.dcp
WARNING: [filemgmt 56-199] Attempt to get parsing info during refresh. "On-the-fly" syntax checking information may be incorrect. [/home/sunildj/Xilinx-Learning/counter_basys3/counter_basys3.srcs/sources_1/new/disp_ctrl.v:]
WARNING: [filemgmt 56-199] Attempt to get parsing info during refresh. "On-the-fly" syntax checking information may be incorrect. [/home/sunildj/Xilinx-Learning/counter_basys3/counter_basys3.srcs/sources_1/new/counter_top.v:]
WARNING: [filemgmt 56-199] Attempt to get parsing info during refresh. "On-the-fly" syntax checking information may be incorrect. [/home/sunildj/Xilinx-Learning/counter_basys3/counter_basys3.srcs/sources_1/new/disp_ctrl.v:]
WARNING: [filemgmt 56-199] Attempt to get parsing info during refresh. "On-the-fly" syntax checking information may be incorrect. [/home/sunildj/Xilinx-Learning/counter_basys3/counter_basys3.srcs/sources_1/new/disp_ctrl.v:]
launch_runs synth_1 -jobs 16
[Tue Jan 21 21:59:46 2025] Launched synth_1...
Run output will be captured here: /home/sunildj/Xilinx-Learning/counter_basys3/counter_basys3.runs/synth_1/runme.log
launch_runs impl_1 -jobs 16
[Tue Jan 21 22:00:19 2025] Launched impl_1...
Run output will be captured here: /home/sunildj/Xilinx-Learning/counter_basys3/counter_basys3.runs/impl_1/runme.log
launch_runs impl_1 -to_step write_bitstream -jobs 16
[Tue Jan 21 22:00:50 2025] Launched impl_1...
Run output will be captured here: /home/sunildj/Xilinx-Learning/counter_basys3/counter_basys3.runs/impl_1/runme.log
write_cfgmem  -format mcs -size 4 -interface SPIx1 -loadbit {up 0x00000000 "/home/sunildj/Xilinx-Learning/counter_basys3/counter_basys3.runs/impl_1/top.bit" } -file "/home/sunildj/Xilinx-Learning/counter_basys3/counter_basys3.runs/impl_1/counter_basys3"
Command: write_cfgmem -format mcs -size 4 -interface SPIx1 -loadbit {up 0x00000000 "/home/sunildj/Xilinx-Learning/counter_basys3/counter_basys3.runs/impl_1/top.bit" } -file /home/sunildj/Xilinx-Learning/counter_basys3/counter_basys3.runs/impl_1/counter_basys3
Creating config memory files...
Creating bitstream load up from address 0x00000000
Loading bitfile /home/sunildj/Xilinx-Learning/counter_basys3/counter_basys3.runs/impl_1/top.bit
Writing file /home/sunildj/Xilinx-Learning/counter_basys3/counter_basys3.runs/impl_1/counter_basys3.mcs
Writing log file /home/sunildj/Xilinx-Learning/counter_basys3/counter_basys3.runs/impl_1/counter_basys3.prm
===================================
Configuration Memory information
===================================
File Format        MCS
Interface          SPIX1
Size               4M
Start Address      0x00000000
End Address        0x003FFFFF

Addr1         Addr2         Date                    File(s)
0x00000000    0x0021728B    Jan 21 22:01:08 2025    /home/sunildj/Xilinx-Learning/counter_basys3/counter_basys3.runs/impl_1/top.bit
0 Infos, 0 Warnings, 0 Critical Warnings and 0 Errors encountered.
write_cfgmem completed successfully
set_property PROBES.FILE {} [get_hw_devices xc7a35t_0]
set_property FULL_PROBES.FILE {} [get_hw_devices xc7a35t_0]
set_property PROGRAM.FILE {/home/sunildj/Xilinx-Learning/counter_basys3/counter_basys3.runs/impl_1/top.bit} [get_hw_devices xc7a35t_0]
program_hw_devices [get_hw_devices xc7a35t_0]
INFO: [Labtools 27-3164] End of startup status: HIGH
refresh_hw_device [lindex [get_hw_devices xc7a35t_0] 0]
INFO: [Labtools 27-1434] Device xc7a35t (JTAG device index = 0) is programmed with a design that has no supported debug core(s) in it.
WARNING: [filemgmt 56-199] Attempt to get parsing info during refresh. "On-the-fly" syntax checking information may be incorrect. [/home/sunildj/Xilinx-Learning/counter_basys3/counter_basys3.srcs/sources_1/new/disp_ctrl.v:]
WARNING: [filemgmt 56-199] Attempt to get parsing info during refresh. "On-the-fly" syntax checking information may be incorrect. [/home/sunildj/Xilinx-Learning/counter_basys3/counter_basys3.srcs/sources_1/new/counter_top.v:]
WARNING: [filemgmt 56-199] Attempt to get parsing info during refresh. "On-the-fly" syntax checking information may be incorrect. [/home/sunildj/Xilinx-Learning/counter_basys3/counter_basys3.srcs/sources_1/new/counter_top.v:]
WARNING: [filemgmt 56-199] Attempt to get parsing info during refresh. "On-the-fly" syntax checking information may be incorrect. [/home/sunildj/Xilinx-Learning/counter_basys3/counter_basys3.srcs/sources_1/new/counter_top.v:]
WARNING: [filemgmt 56-199] Attempt to get parsing info during refresh. "On-the-fly" syntax checking information may be incorrect. [/home/sunildj/Xilinx-Learning/counter_basys3/counter_basys3.srcs/sources_1/new/disp_ctrl.v:]
WARNING: [filemgmt 56-199] Attempt to get parsing info during refresh. "On-the-fly" syntax checking information may be incorrect. [/home/sunildj/Xilinx-Learning/counter_basys3/counter_basys3.srcs/sources_1/new/counter_top.v:]
WARNING: [filemgmt 56-199] Attempt to get parsing info during refresh. "On-the-fly" syntax checking information may be incorrect. [/home/sunildj/Xilinx-Learning/counter_basys3/counter_basys3.srcs/sources_1/new/disp_ctrl.v:]
WARNING: [filemgmt 56-199] Attempt to get parsing info during refresh. "On-the-fly" syntax checking information may be incorrect. [/home/sunildj/Xilinx-Learning/counter_basys3/counter_basys3.srcs/sources_1/new/disp_ctrl.v:]
update_compile_order -fileset sources_1
WARNING: [filemgmt 56-199] Attempt to get parsing info during refresh. "On-the-fly" syntax checking information may be incorrect. [/home/sunildj/Xilinx-Learning/counter_basys3/counter_basys3.srcs/sources_1/new/disp_ctrl.v:]
WARNING: [filemgmt 56-199] Attempt to get parsing info during refresh. "On-the-fly" syntax checking information may be incorrect. [/home/sunildj/Xilinx-Learning/counter_basys3/counter_basys3.srcs/sources_1/new/counter_top.v:]
WARNING: [filemgmt 56-199] Attempt to get parsing info during refresh. "On-the-fly" syntax checking information may be incorrect. [/home/sunildj/Xilinx-Learning/counter_basys3/counter_basys3.srcs/sources_1/new/counter_top.v:]
WARNING: [filemgmt 56-199] Attempt to get parsing info during refresh. "On-the-fly" syntax checking information may be incorrect. [/home/sunildj/Xilinx-Learning/counter_basys3/counter_basys3.srcs/sources_1/new/counter_top.v:]
WARNING: [filemgmt 56-199] Attempt to get parsing info during refresh. "On-the-fly" syntax checking information may be incorrect. [/home/sunildj/Xilinx-Learning/counter_basys3/counter_basys3.srcs/sources_1/new/disp_ctrl.v:]
WARNING: [filemgmt 56-199] Attempt to get parsing info during refresh. "On-the-fly" syntax checking information may be incorrect. [/home/sunildj/Xilinx-Learning/counter_basys3/counter_basys3.srcs/sources_1/new/counter_top.v:]
WARNING: [filemgmt 56-199] Attempt to get parsing info during refresh. "On-the-fly" syntax checking information may be incorrect. [/home/sunildj/Xilinx-Learning/counter_basys3/counter_basys3.srcs/sources_1/new/disp_ctrl.v:]
WARNING: [filemgmt 56-199] Attempt to get parsing info during refresh. "On-the-fly" syntax checking information may be incorrect. [/home/sunildj/Xilinx-Learning/counter_basys3/counter_basys3.srcs/sources_1/new/disp_ctrl.v:]
update_compile_order -fileset sources_1
WARNING: [filemgmt 56-199] Attempt to get parsing info during refresh. "On-the-fly" syntax checking information may be incorrect. [/home/sunildj/Xilinx-Learning/counter_basys3/counter_basys3.srcs/sources_1/new/disp_ctrl.v:]
WARNING: [filemgmt 56-199] Attempt to get parsing info during refresh. "On-the-fly" syntax checking information may be incorrect. [/home/sunildj/Xilinx-Learning/counter_basys3/counter_basys3.srcs/sources_1/new/counter_top.v:]
WARNING: [filemgmt 56-199] Attempt to get parsing info during refresh. "On-the-fly" syntax checking information may be incorrect. [/home/sunildj/Xilinx-Learning/counter_basys3/counter_basys3.srcs/sources_1/new/counter_top.v:]
WARNING: [filemgmt 56-199] Attempt to get parsing info during refresh. "On-the-fly" syntax checking information may be incorrect. [/home/sunildj/Xilinx-Learning/counter_basys3/counter_basys3.srcs/sources_1/new/counter_top.v:]
WARNING: [filemgmt 56-199] Attempt to get parsing info during refresh. "On-the-fly" syntax checking information may be incorrect. [/home/sunildj/Xilinx-Learning/counter_basys3/counter_basys3.srcs/sources_1/new/counter.v:]
WARNING: [filemgmt 56-199] Attempt to get parsing info during refresh. "On-the-fly" syntax checking information may be incorrect. [/home/sunildj/Xilinx-Learning/counter_basys3/counter_basys3.srcs/sources_1/new/disp_ctrl.v:]
WARNING: [filemgmt 56-199] Attempt to get parsing info during refresh. "On-the-fly" syntax checking information may be incorrect. [/home/sunildj/Xilinx-Learning/counter_basys3/counter_basys3.srcs/sources_1/new/counter_top.v:]
WARNING: [filemgmt 56-199] Attempt to get parsing info during refresh. "On-the-fly" syntax checking information may be incorrect. [/home/sunildj/Xilinx-Learning/counter_basys3/counter_basys3.srcs/sources_1/new/counter_top.v:]
WARNING: [filemgmt 56-199] Attempt to get parsing info during refresh. "On-the-fly" syntax checking information may be incorrect. [/home/sunildj/Xilinx-Learning/counter_basys3/counter_basys3.srcs/sources_1/new/counter_top.v:]
WARNING: [filemgmt 56-199] Attempt to get parsing info during refresh. "On-the-fly" syntax checking information may be incorrect. [/home/sunildj/Xilinx-Learning/counter_basys3/counter_basys3.srcs/sources_1/new/counter.v:]
WARNING: [filemgmt 56-199] Attempt to get parsing info during refresh. "On-the-fly" syntax checking information may be incorrect. [/home/sunildj/Xilinx-Learning/counter_basys3/counter_basys3.srcs/sources_1/new/disp_ctrl.v:]
WARNING: [filemgmt 56-199] Attempt to get parsing info during refresh. "On-the-fly" syntax checking information may be incorrect. [/home/sunildj/Xilinx-Learning/counter_basys3/counter_basys3.srcs/sources_1/new/counter_top.v:]
WARNING: [filemgmt 56-199] Attempt to get parsing info during refresh. "On-the-fly" syntax checking information may be incorrect. [/home/sunildj/Xilinx-Learning/counter_basys3/counter_basys3.srcs/sources_1/new/counter.v:]
WARNING: [filemgmt 56-199] Attempt to get parsing info during refresh. "On-the-fly" syntax checking information may be incorrect. [/home/sunildj/Xilinx-Learning/counter_basys3/counter_basys3.srcs/sources_1/new/counter.v:]
WARNING: [filemgmt 56-199] Attempt to get parsing info during refresh. "On-the-fly" syntax checking information may be incorrect. [/home/sunildj/Xilinx-Learning/counter_basys3/counter_basys3.srcs/sources_1/new/counter.v:]
WARNING: [filemgmt 56-199] Attempt to get parsing info during refresh. "On-the-fly" syntax checking information may be incorrect. [/home/sunildj/Xilinx-Learning/counter_basys3/counter_basys3.srcs/sources_1/new/disp_ctrl.v:]
WARNING: [filemgmt 56-199] Attempt to get parsing info during refresh. "On-the-fly" syntax checking information may be incorrect. [/home/sunildj/Xilinx-Learning/counter_basys3/counter_basys3.srcs/sources_1/new/counter_top.v:]
WARNING: [filemgmt 56-199] Attempt to get parsing info during refresh. "On-the-fly" syntax checking information may be incorrect. [/home/sunildj/Xilinx-Learning/counter_basys3/counter_basys3.srcs/sources_1/new/counter_top.v:]
WARNING: [filemgmt 56-199] Attempt to get parsing info during refresh. "On-the-fly" syntax checking information may be incorrect. [/home/sunildj/Xilinx-Learning/counter_basys3/counter_basys3.srcs/sources_1/new/counter_top.v:]
WARNING: [filemgmt 56-199] Attempt to get parsing info during refresh. "On-the-fly" syntax checking information may be incorrect. [/home/sunildj/Xilinx-Learning/counter_basys3/counter_basys3.srcs/sources_1/new/counter.v:]
WARNING: [filemgmt 56-199] Attempt to get parsing info during refresh. "On-the-fly" syntax checking information may be incorrect. [/home/sunildj/Xilinx-Learning/counter_basys3/counter_basys3.srcs/sources_1/new/disp_ctrl.v:]
WARNING: [filemgmt 56-199] Attempt to get parsing info during refresh. "On-the-fly" syntax checking information may be incorrect. [/home/sunildj/Xilinx-Learning/counter_basys3/counter_basys3.srcs/sources_1/new/counter_top.v:]
WARNING: [filemgmt 56-199] Attempt to get parsing info during refresh. "On-the-fly" syntax checking information may be incorrect. [/home/sunildj/Xilinx-Learning/counter_basys3/counter_basys3.srcs/sources_1/new/counter.v:]
WARNING: [filemgmt 56-199] Attempt to get parsing info during refresh. "On-the-fly" syntax checking information may be incorrect. [/home/sunildj/Xilinx-Learning/counter_basys3/counter_basys3.srcs/sources_1/new/counter.v:]
reset_run synth_1
INFO: [Project 1-1161] Replacing file /home/sunildj/Xilinx-Learning/counter_basys3/counter_basys3.srcs/utils_1/imports/synth_1/top.dcp with file /home/sunildj/Xilinx-Learning/counter_basys3/counter_basys3.runs/synth_1/top.dcp
WARNING: [filemgmt 56-199] Attempt to get parsing info during refresh. "On-the-fly" syntax checking information may be incorrect. [/home/sunildj/Xilinx-Learning/counter_basys3/counter_basys3.srcs/sources_1/new/counter.v:]
WARNING: [filemgmt 56-199] Attempt to get parsing info during refresh. "On-the-fly" syntax checking information may be incorrect. [/home/sunildj/Xilinx-Learning/counter_basys3/counter_basys3.srcs/sources_1/new/disp_ctrl.v:]
WARNING: [filemgmt 56-199] Attempt to get parsing info during refresh. "On-the-fly" syntax checking information may be incorrect. [/home/sunildj/Xilinx-Learning/counter_basys3/counter_basys3.srcs/sources_1/new/counter_top.v:]
WARNING: [filemgmt 56-199] Attempt to get parsing info during refresh. "On-the-fly" syntax checking information may be incorrect. [/home/sunildj/Xilinx-Learning/counter_basys3/counter_basys3.srcs/sources_1/new/disp_ctrl.v:]
WARNING: [filemgmt 56-199] Attempt to get parsing info during refresh. "On-the-fly" syntax checking information may be incorrect. [/home/sunildj/Xilinx-Learning/counter_basys3/counter_basys3.srcs/sources_1/new/disp_ctrl.v:]
WARNING: [filemgmt 56-199] Attempt to get parsing info during refresh. "On-the-fly" syntax checking information may be incorrect. [/home/sunildj/Xilinx-Learning/counter_basys3/counter_basys3.srcs/sources_1/new/counter.v:]
WARNING: [filemgmt 56-199] Attempt to get parsing info during refresh. "On-the-fly" syntax checking information may be incorrect. [/home/sunildj/Xilinx-Learning/counter_basys3/counter_basys3.srcs/sources_1/new/disp_ctrl.v:]
WARNING: [filemgmt 56-199] Attempt to get parsing info during refresh. "On-the-fly" syntax checking information may be incorrect. [/home/sunildj/Xilinx-Learning/counter_basys3/counter_basys3.srcs/sources_1/new/counter_top.v:]
WARNING: [filemgmt 56-199] Attempt to get parsing info during refresh. "On-the-fly" syntax checking information may be incorrect. [/home/sunildj/Xilinx-Learning/counter_basys3/counter_basys3.srcs/sources_1/new/counter.v:]
WARNING: [filemgmt 56-199] Attempt to get parsing info during refresh. "On-the-fly" syntax checking information may be incorrect. [/home/sunildj/Xilinx-Learning/counter_basys3/counter_basys3.srcs/sources_1/new/counter.v:]
launch_runs synth_1 -jobs 16
[Tue Jan 21 22:08:29 2025] Launched synth_1...
Run output will be captured here: /home/sunildj/Xilinx-Learning/counter_basys3/counter_basys3.runs/synth_1/runme.log
launch_runs impl_1 -jobs 16
[Tue Jan 21 22:09:03 2025] Launched impl_1...
Run output will be captured here: /home/sunildj/Xilinx-Learning/counter_basys3/counter_basys3.runs/impl_1/runme.log
launch_runs impl_1 -to_step write_bitstream -jobs 16
[Tue Jan 21 22:09:39 2025] Launched impl_1...
Run output will be captured here: /home/sunildj/Xilinx-Learning/counter_basys3/counter_basys3.runs/impl_1/runme.log
write_cfgmem  -format mcs -size 4 -interface SPIx1 -loadbit {up 0x00000000 "/home/sunildj/Xilinx-Learning/counter_basys3/counter_basys3.runs/impl_1/top.bit" } -file "/home/sunildj/Xilinx-Learning/counter_basys3/counter_basys3.runs/impl_1/counter_basys3.mcs"
Command: write_cfgmem -format mcs -size 4 -interface SPIx1 -loadbit {up 0x00000000 "/home/sunildj/Xilinx-Learning/counter_basys3/counter_basys3.runs/impl_1/top.bit" } -file /home/sunildj/Xilinx-Learning/counter_basys3/counter_basys3.runs/impl_1/counter_basys3.mcs
Creating config memory files...
ERROR: [Writecfgmem 68-5] Cannot overwrite file /home/sunildj/Xilinx-Learning/counter_basys3/counter_basys3.runs/impl_1/counter_basys3.prm. Use "-force" flag.
0 Infos, 0 Warnings, 0 Critical Warnings and 1 Errors encountered.
write_cfgmem failed
ERROR: [Common 17-39] 'write_cfgmem' failed due to earlier errors.
set_property PROBES.FILE {} [get_hw_devices xc7a35t_0]
set_property FULL_PROBES.FILE {} [get_hw_devices xc7a35t_0]
set_property PROGRAM.FILE {/home/sunildj/Xilinx-Learning/counter_basys3/counter_basys3.runs/impl_1/top.bit} [get_hw_devices xc7a35t_0]
program_hw_devices [get_hw_devices xc7a35t_0]
INFO: [Labtools 27-3164] End of startup status: HIGH
refresh_hw_device [lindex [get_hw_devices xc7a35t_0] 0]
INFO: [Labtools 27-1434] Device xc7a35t (JTAG device index = 0) is programmed with a design that has no supported debug core(s) in it.
write_cfgmem  -format mcs -size 4 -interface SPIx1 -loadbit {up 0x00000000 "/home/sunildj/Xilinx-Learning/counter_basys3/counter_basys3.runs/impl_1/top.bit" } -file "/home/sunildj/Xilinx-Learning/counter_basys3/counter_basys3.runs/impl_1/counter_basys3_v2"
Command: write_cfgmem -format mcs -size 4 -interface SPIx1 -loadbit {up 0x00000000 "/home/sunildj/Xilinx-Learning/counter_basys3/counter_basys3.runs/impl_1/top.bit" } -file /home/sunildj/Xilinx-Learning/counter_basys3/counter_basys3.runs/impl_1/counter_basys3_v2
Creating config memory files...
Creating bitstream load up from address 0x00000000
Loading bitfile /home/sunildj/Xilinx-Learning/counter_basys3/counter_basys3.runs/impl_1/top.bit
Writing file /home/sunildj/Xilinx-Learning/counter_basys3/counter_basys3.runs/impl_1/counter_basys3_v2.mcs
Writing log file /home/sunildj/Xilinx-Learning/counter_basys3/counter_basys3.runs/impl_1/counter_basys3_v2.prm
===================================
Configuration Memory information
===================================
File Format        MCS
Interface          SPIX1
Size               4M
Start Address      0x00000000
End Address        0x003FFFFF

Addr1         Addr2         Date                    File(s)
0x00000000    0x0021728B    Jan 21 22:09:57 2025    /home/sunildj/Xilinx-Learning/counter_basys3/counter_basys3.runs/impl_1/top.bit
0 Infos, 0 Warnings, 0 Critical Warnings and 0 Errors encountered.
write_cfgmem completed successfully
set_property PROGRAM.ADDRESS_RANGE  {use_file} [ get_property PROGRAM.HW_CFGMEM [lindex [get_hw_devices xc7a35t_0] 0]]
set_property PROGRAM.FILES [list "/home/sunildj/Xilinx-Learning/counter_basys3/counter_basys3.runs/impl_1/counter_basys3_v2.mcs" ] [ get_property PROGRAM.HW_CFGMEM [lindex [get_hw_devices xc7a35t_0] 0]]
set_property PROGRAM.UNUSED_PIN_TERMINATION {pull-none} [ get_property PROGRAM.HW_CFGMEM [lindex [get_hw_devices xc7a35t_0] 0]]
set_property PROGRAM.BLANK_CHECK  0 [ get_property PROGRAM.HW_CFGMEM [lindex [get_hw_devices xc7a35t_0] 0]]
set_property PROGRAM.ERASE  1 [ get_property PROGRAM.HW_CFGMEM [lindex [get_hw_devices xc7a35t_0] 0]]
set_property PROGRAM.CFG_PROGRAM  1 [ get_property PROGRAM.HW_CFGMEM [lindex [get_hw_devices xc7a35t_0] 0]]
set_property PROGRAM.VERIFY  1 [ get_property PROGRAM.HW_CFGMEM [lindex [get_hw_devices xc7a35t_0] 0]]
set_property PROGRAM.CHECKSUM  0 [ get_property PROGRAM.HW_CFGMEM [lindex [get_hw_devices xc7a35t_0] 0]]
set_property PROGRAM.ADDRESS_RANGE  {use_file} [ get_property PROGRAM.HW_CFGMEM [lindex [get_hw_devices xc7a35t_0] 0]]
set_property PROGRAM.FILES [list "/home/sunildj/Xilinx-Learning/counter_basys3/counter_basys3.runs/impl_1/counter_basys3_v2.mcs" ] [ get_property PROGRAM.HW_CFGMEM [lindex [get_hw_devices xc7a35t_0] 0]]
set_property PROGRAM.PRM_FILE {} [ get_property PROGRAM.HW_CFGMEM [lindex [get_hw_devices xc7a35t_0] 0]]
set_property PROGRAM.UNUSED_PIN_TERMINATION {pull-none} [ get_property PROGRAM.HW_CFGMEM [lindex [get_hw_devices xc7a35t_0] 0]]
set_property PROGRAM.BLANK_CHECK  0 [ get_property PROGRAM.HW_CFGMEM [lindex [get_hw_devices xc7a35t_0] 0]]
set_property PROGRAM.ERASE  1 [ get_property PROGRAM.HW_CFGMEM [lindex [get_hw_devices xc7a35t_0] 0]]
set_property PROGRAM.CFG_PROGRAM  1 [ get_property PROGRAM.HW_CFGMEM [lindex [get_hw_devices xc7a35t_0] 0]]
set_property PROGRAM.VERIFY  1 [ get_property PROGRAM.HW_CFGMEM [lindex [get_hw_devices xc7a35t_0] 0]]
set_property PROGRAM.CHECKSUM  0 [ get_property PROGRAM.HW_CFGMEM [lindex [get_hw_devices xc7a35t_0] 0]]
startgroup 
create_hw_bitstream -hw_device [lindex [get_hw_devices xc7a35t_0] 0] [get_property PROGRAM.HW_CFGMEM_BITFILE [ lindex [get_hw_devices xc7a35t_0] 0]]; program_hw_devices [lindex [get_hw_devices xc7a35t_0] 0]; refresh_hw_device [lindex [get_hw_devices xc7a35t_0] 0];
INFO: [Labtools 27-3164] End of startup status: HIGH
INFO: [Labtools 27-2302] Device xc7a35t (JTAG device index = 0) is programmed with a design that has 1 SPI core(s).
program_hw_cfgmem -hw_cfgmem [ get_property PROGRAM.HW_CFGMEM [lindex [get_hw_devices xc7a35t_0] 0]]
Mfg ID : c2   Memory Type : 20   Memory Capacity : 16   Device ID 1 : 0   Device ID 2 : 0
Performing Erase Operation...
Erase Operation successful.
Performing Program and Verify Operations...
Program/Verify Operation successful.
INFO: [Labtoolstcl 44-377] Flash programming completed successfully
program_hw_cfgmem: Time (s): cpu = 00:00:01 ; elapsed = 00:00:50 . Memory (MB): peak = 8228.188 ; gain = 0.000 ; free physical = 40492 ; free virtual = 88765
endgroup
exit
INFO: [Common 17-206] Exiting Vivado at Tue Jan 21 22:15:26 2025...
