
*** Running vivado
    with args -log ripple_adder_top.vds -m64 -product Vivado -mode batch -messageDb vivado.pb -notrace -source ripple_adder_top.tcl


****** Vivado v2024.2 (64-bit)
  **** SW Build 5239630 on Fri Nov 08 22:34:34 MST 2024
  **** IP Build 5239520 on Sun Nov 10 16:12:51 MST 2024
  **** SharedData Build 5239561 on Fri Nov 08 14:39:27 MST 2024
  **** Start of session at: Fri Apr  4 21:31:58 2025
    ** Copyright 1986-2022 Xilinx, Inc. All Rights Reserved.
    ** Copyright 2022-2024 Advanced Micro Devices, Inc. All Rights Reserved.

source ripple_adder_top.tcl -notrace
Command: read_checkpoint -auto_incremental -incremental /home/sunil/Xilinx-Learning/4bAdderRiple-PYNQZ2/4bAdderRiple-PYNQZ2.srcs/utils_1/imports/synth_1/ripple_adder_top.dcp
INFO: [Vivado 12-5825] Read reference checkpoint from /home/sunil/Xilinx-Learning/4bAdderRiple-PYNQZ2/4bAdderRiple-PYNQZ2.srcs/utils_1/imports/synth_1/ripple_adder_top.dcp for incremental synthesis
INFO: [Vivado 12-7989] Please ensure there are no constraint changes
Command: synth_design -top ripple_adder_top -part xc7z020clg400-1
Starting synth_design
Attempting to get a license for feature 'Synthesis' and/or device 'xc7z020'
INFO: [Common 17-349] Got license for feature 'Synthesis' and/or device 'xc7z020'
INFO: [Device 21-403] Loading part xc7z020clg400-1
INFO: [Designutils 20-5440] No compile time benefit to using incremental synthesis; A full resynthesis will be run
INFO: [Designutils 20-4379] Flow is switching to default flow due to incremental criteria not met. If you would like to alter this behaviour and have the flow terminate instead, please set the following parameter config_implementation {autoIncr.Synth.RejectBehavior Terminate}
INFO: [Synth 8-7079] Multithreading enabled for synth_design using a maximum of 7 processes.
INFO: [Synth 8-7078] Launching helper process for spawning children vivado processes
INFO: [Synth 8-7075] Helper process launched with PID 14920
---------------------------------------------------------------------------------
Starting RTL Elaboration : Time (s): cpu = 00:00:02 ; elapsed = 00:00:03 . Memory (MB): peak = 2129.016 ; gain = 427.832 ; free physical = 87036 ; free virtual = 98446
---------------------------------------------------------------------------------
INFO: [Synth 8-6157] synthesizing module 'ripple_adder_top' [/home/sunil/Xilinx-Learning/4bAdderRiple-PYNQZ2/4bAdderRiple-PYNQZ2.srcs/sources_1/new/ripple_adder_top.v:2]
INFO: [Synth 8-6157] synthesizing module 'ripple_carry_adder' [/home/sunil/Xilinx-Learning/4bAdderRiple-PYNQZ2/4bAdderRiple-PYNQZ2.srcs/sources_1/new/ripple_carry_adder.v:1]
INFO: [Synth 8-6157] synthesizing module 'full_adder' [/home/sunil/Xilinx-Learning/4bAdderRiple-PYNQZ2/4bAdderRiple-PYNQZ2.srcs/sources_1/new/full_adder.v:1]
INFO: [Synth 8-6155] done synthesizing module 'full_adder' (0#1) [/home/sunil/Xilinx-Learning/4bAdderRiple-PYNQZ2/4bAdderRiple-PYNQZ2.srcs/sources_1/new/full_adder.v:1]
INFO: [Synth 8-6155] done synthesizing module 'ripple_carry_adder' (0#1) [/home/sunil/Xilinx-Learning/4bAdderRiple-PYNQZ2/4bAdderRiple-PYNQZ2.srcs/sources_1/new/ripple_carry_adder.v:1]
INFO: [Synth 8-6155] done synthesizing module 'ripple_adder_top' (0#1) [/home/sunil/Xilinx-Learning/4bAdderRiple-PYNQZ2/4bAdderRiple-PYNQZ2.srcs/sources_1/new/ripple_adder_top.v:2]
---------------------------------------------------------------------------------
Finished RTL Elaboration : Time (s): cpu = 00:00:03 ; elapsed = 00:00:03 . Memory (MB): peak = 2200.984 ; gain = 499.801 ; free physical = 86965 ; free virtual = 98376
---------------------------------------------------------------------------------
---------------------------------------------------------------------------------
Start Handling Custom Attributes
---------------------------------------------------------------------------------
---------------------------------------------------------------------------------
Finished Handling Custom Attributes : Time (s): cpu = 00:00:03 ; elapsed = 00:00:03 . Memory (MB): peak = 2218.797 ; gain = 517.613 ; free physical = 86965 ; free virtual = 98376
---------------------------------------------------------------------------------
---------------------------------------------------------------------------------
Finished RTL Optimization Phase 1 : Time (s): cpu = 00:00:03 ; elapsed = 00:00:03 . Memory (MB): peak = 2218.797 ; gain = 517.613 ; free physical = 86965 ; free virtual = 98376
---------------------------------------------------------------------------------
Netlist sorting complete. Time (s): cpu = 00:00:00 ; elapsed = 00:00:00 . Memory (MB): peak = 2218.797 ; gain = 0.000 ; free physical = 86965 ; free virtual = 98376
INFO: [Project 1-570] Preparing netlist for logic optimization

Processing XDC Constraints
Initializing timing engine
Parsing XDC File [/home/sunil/Xilinx-Learning/4bAdderRiple-PYNQZ2/4bAdderRiple-PYNQZ2.srcs/constrs_1/new/PZ2.xdc]
Finished Parsing XDC File [/home/sunil/Xilinx-Learning/4bAdderRiple-PYNQZ2/4bAdderRiple-PYNQZ2.srcs/constrs_1/new/PZ2.xdc]
INFO: [Project 1-236] Implementation specific constraints were found while reading constraint file [/home/sunil/Xilinx-Learning/4bAdderRiple-PYNQZ2/4bAdderRiple-PYNQZ2.srcs/constrs_1/new/PZ2.xdc]. These constraints will be ignored for synthesis but will be used in implementation. Impacted constraints are listed in the file [.Xil/ripple_adder_top_propImpl.xdc].
Resolution: To avoid this warning, move constraints listed in [.Xil/ripple_adder_top_propImpl.xdc] to another XDC file and exclude this new file from synthesis with the used_in_synthesis property (File Properties dialog in GUI) and re-run elaboration/synthesis.
Completed Processing XDC Constraints

Netlist sorting complete. Time (s): cpu = 00:00:00 ; elapsed = 00:00:00 . Memory (MB): peak = 2362.547 ; gain = 0.000 ; free physical = 86988 ; free virtual = 98398
INFO: [Project 1-111] Unisim Transformation Summary:
No Unisim elements were transformed.

Constraint Validation Runtime : Time (s): cpu = 00:00:00 ; elapsed = 00:00:00 . Memory (MB): peak = 2362.547 ; gain = 0.000 ; free physical = 86988 ; free virtual = 98398
INFO: [Designutils 20-5440] No compile time benefit to using incremental synthesis; A full resynthesis will be run
INFO: [Designutils 20-4379] Flow is switching to default flow due to incremental criteria not met. If you would like to alter this behaviour and have the flow terminate instead, please set the following parameter config_implementation {autoIncr.Synth.RejectBehavior Terminate}
---------------------------------------------------------------------------------
Finished Constraint Validation : Time (s): cpu = 00:00:07 ; elapsed = 00:00:07 . Memory (MB): peak = 2362.547 ; gain = 661.363 ; free physical = 86987 ; free virtual = 98398
---------------------------------------------------------------------------------
---------------------------------------------------------------------------------
Start Loading Part and Timing Information
---------------------------------------------------------------------------------
Loading part: xc7z020clg400-1
---------------------------------------------------------------------------------
Finished Loading Part and Timing Information : Time (s): cpu = 00:00:07 ; elapsed = 00:00:07 . Memory (MB): peak = 2370.551 ; gain = 669.367 ; free physical = 86987 ; free virtual = 98398
---------------------------------------------------------------------------------
---------------------------------------------------------------------------------
Start Applying 'set_property' XDC Constraints
---------------------------------------------------------------------------------
---------------------------------------------------------------------------------
Finished applying 'set_property' XDC Constraints : Time (s): cpu = 00:00:07 ; elapsed = 00:00:07 . Memory (MB): peak = 2370.551 ; gain = 669.367 ; free physical = 86987 ; free virtual = 98398
---------------------------------------------------------------------------------
---------------------------------------------------------------------------------
Finished RTL Optimization Phase 2 : Time (s): cpu = 00:00:07 ; elapsed = 00:00:07 . Memory (MB): peak = 2370.551 ; gain = 669.367 ; free physical = 86986 ; free virtual = 98398
---------------------------------------------------------------------------------
---------------------------------------------------------------------------------
Start RTL Component Statistics 
---------------------------------------------------------------------------------
Detailed RTL Component Info : 
+---Adders : 
	   2 Input   20 Bit       Adders := 1     
+---XORs : 
	   2 Input      1 Bit         XORs := 8     
+---Registers : 
	               20 Bit    Registers := 1     
	                4 Bit    Registers := 2     
	                1 Bit    Registers := 2     
+---Muxes : 
	   2 Input    4 Bit        Muxes := 1     
---------------------------------------------------------------------------------
Finished RTL Component Statistics 
---------------------------------------------------------------------------------
---------------------------------------------------------------------------------
Start Part Resource Summary
---------------------------------------------------------------------------------
Part Resources:
DSPs: 220 (col length:60)
BRAMs: 280 (col length: RAMB18 60 RAMB36 30)
---------------------------------------------------------------------------------
Finished Part Resource Summary
---------------------------------------------------------------------------------
---------------------------------------------------------------------------------
Start Cross Boundary and Area Optimization
---------------------------------------------------------------------------------
WARNING: [Synth 8-7080] Parallel synthesis criteria is not met
---------------------------------------------------------------------------------
Finished Cross Boundary and Area Optimization : Time (s): cpu = 00:00:08 ; elapsed = 00:00:08 . Memory (MB): peak = 2370.551 ; gain = 669.367 ; free physical = 86959 ; free virtual = 98374
---------------------------------------------------------------------------------
---------------------------------------------------------------------------------
Start Applying XDC Timing Constraints
---------------------------------------------------------------------------------
---------------------------------------------------------------------------------
Finished Applying XDC Timing Constraints : Time (s): cpu = 00:00:11 ; elapsed = 00:00:12 . Memory (MB): peak = 2402.551 ; gain = 701.367 ; free physical = 86894 ; free virtual = 98310
---------------------------------------------------------------------------------
---------------------------------------------------------------------------------
Start Timing Optimization
---------------------------------------------------------------------------------
---------------------------------------------------------------------------------
Finished Timing Optimization : Time (s): cpu = 00:00:11 ; elapsed = 00:00:12 . Memory (MB): peak = 2421.582 ; gain = 720.398 ; free physical = 86879 ; free virtual = 98294
---------------------------------------------------------------------------------
---------------------------------------------------------------------------------
Start Technology Mapping
---------------------------------------------------------------------------------
---------------------------------------------------------------------------------
Finished Technology Mapping : Time (s): cpu = 00:00:11 ; elapsed = 00:00:12 . Memory (MB): peak = 2421.582 ; gain = 720.398 ; free physical = 86879 ; free virtual = 98294
---------------------------------------------------------------------------------
---------------------------------------------------------------------------------
Start IO Insertion
---------------------------------------------------------------------------------
---------------------------------------------------------------------------------
Start Flattening Before IO Insertion
---------------------------------------------------------------------------------
---------------------------------------------------------------------------------
Finished Flattening Before IO Insertion
---------------------------------------------------------------------------------
---------------------------------------------------------------------------------
Start Final Netlist Cleanup
---------------------------------------------------------------------------------
---------------------------------------------------------------------------------
Finished Final Netlist Cleanup
---------------------------------------------------------------------------------
---------------------------------------------------------------------------------
Finished IO Insertion : Time (s): cpu = 00:00:13 ; elapsed = 00:00:14 . Memory (MB): peak = 2575.395 ; gain = 874.211 ; free physical = 86756 ; free virtual = 98171
---------------------------------------------------------------------------------
---------------------------------------------------------------------------------
Start Renaming Generated Instances
---------------------------------------------------------------------------------
---------------------------------------------------------------------------------
Finished Renaming Generated Instances : Time (s): cpu = 00:00:13 ; elapsed = 00:00:14 . Memory (MB): peak = 2575.395 ; gain = 874.211 ; free physical = 86756 ; free virtual = 98171
---------------------------------------------------------------------------------
---------------------------------------------------------------------------------
Start Rebuilding User Hierarchy
---------------------------------------------------------------------------------
---------------------------------------------------------------------------------
Finished Rebuilding User Hierarchy : Time (s): cpu = 00:00:13 ; elapsed = 00:00:14 . Memory (MB): peak = 2575.395 ; gain = 874.211 ; free physical = 86756 ; free virtual = 98171
---------------------------------------------------------------------------------
---------------------------------------------------------------------------------
Start Renaming Generated Ports
---------------------------------------------------------------------------------
---------------------------------------------------------------------------------
Finished Renaming Generated Ports : Time (s): cpu = 00:00:13 ; elapsed = 00:00:14 . Memory (MB): peak = 2575.395 ; gain = 874.211 ; free physical = 86756 ; free virtual = 98171
---------------------------------------------------------------------------------
---------------------------------------------------------------------------------
Start Handling Custom Attributes
---------------------------------------------------------------------------------
---------------------------------------------------------------------------------
Finished Handling Custom Attributes : Time (s): cpu = 00:00:13 ; elapsed = 00:00:14 . Memory (MB): peak = 2575.395 ; gain = 874.211 ; free physical = 86756 ; free virtual = 98171
---------------------------------------------------------------------------------
---------------------------------------------------------------------------------
Start Renaming Generated Nets
---------------------------------------------------------------------------------
---------------------------------------------------------------------------------
Finished Renaming Generated Nets : Time (s): cpu = 00:00:13 ; elapsed = 00:00:14 . Memory (MB): peak = 2575.395 ; gain = 874.211 ; free physical = 86756 ; free virtual = 98171
---------------------------------------------------------------------------------
---------------------------------------------------------------------------------
Start Writing Synthesis Report
---------------------------------------------------------------------------------

Report BlackBoxes: 
+-+--------------+----------+
| |BlackBox name |Instances |
+-+--------------+----------+
+-+--------------+----------+

Report Cell Usage: 
+------+-------+------+
|      |Cell   |Count |
+------+-------+------+
|1     |BUFG   |     1|
|2     |CARRY4 |     5|
|3     |LUT1   |    20|
|4     |LUT2   |    20|
|5     |LUT3   |     2|
|6     |LUT4   |     2|
|7     |LUT5   |     1|
|8     |LUT6   |     6|
|9     |FDRE   |    29|
|10    |IBUF   |     6|
|11    |OBUF   |     4|
+------+-------+------+
---------------------------------------------------------------------------------
Finished Writing Synthesis Report : Time (s): cpu = 00:00:13 ; elapsed = 00:00:14 . Memory (MB): peak = 2575.395 ; gain = 874.211 ; free physical = 86756 ; free virtual = 98171
---------------------------------------------------------------------------------
Synthesis finished with 0 errors, 0 critical warnings and 1 warnings.
Synthesis Optimization Runtime : Time (s): cpu = 00:00:12 ; elapsed = 00:00:13 . Memory (MB): peak = 2575.395 ; gain = 730.461 ; free physical = 86756 ; free virtual = 98171
Synthesis Optimization Complete : Time (s): cpu = 00:00:13 ; elapsed = 00:00:14 . Memory (MB): peak = 2575.402 ; gain = 874.211 ; free physical = 86756 ; free virtual = 98171
INFO: [Project 1-571] Translating synthesized netlist
Netlist sorting complete. Time (s): cpu = 00:00:00.01 ; elapsed = 00:00:00 . Memory (MB): peak = 2575.402 ; gain = 0.000 ; free physical = 86831 ; free virtual = 98246
INFO: [Netlist 29-17] Analyzing 5 Unisim elements for replacement
INFO: [Netlist 29-28] Unisim Transformation completed in 0 CPU seconds
INFO: [Project 1-570] Preparing netlist for logic optimization
INFO: [Opt 31-138] Pushed 0 inverter(s) to 0 load pin(s).
Netlist sorting complete. Time (s): cpu = 00:00:00 ; elapsed = 00:00:00 . Memory (MB): peak = 2631.422 ; gain = 0.000 ; free physical = 86963 ; free virtual = 98378
INFO: [Project 1-111] Unisim Transformation Summary:
No Unisim elements were transformed.

Synth Design complete | Checksum: 716e096e
INFO: [Common 17-83] Releasing license: Synthesis
27 Infos, 1 Warnings, 0 Critical Warnings and 0 Errors encountered.
synth_design completed successfully
synth_design: Time (s): cpu = 00:00:19 ; elapsed = 00:00:18 . Memory (MB): peak = 2631.422 ; gain = 1137.051 ; free physical = 86963 ; free virtual = 98378
INFO: [Common 17-2834] synth_design peak Physical Memory [PSS] (MB): overall = 1782.481; main = 1782.481; forked = 269.682
INFO: [Common 17-2834] synth_design peak Virtual Memory [VSS] (MB): overall = 3293.539; main = 2631.426; forked = 922.984
Write ShapeDB Complete: Time (s): cpu = 00:00:00 ; elapsed = 00:00:00 . Memory (MB): peak = 2655.434 ; gain = 0.000 ; free physical = 86963 ; free virtual = 98378
INFO: [Common 17-1381] The checkpoint '/home/sunil/Xilinx-Learning/4bAdderRiple-PYNQZ2/4bAdderRiple-PYNQZ2.runs/synth_1/ripple_adder_top.dcp' has been generated.
INFO: [Vivado 12-24828] Executing command : report_utilization -file ripple_adder_top_utilization_synth.rpt -pb ripple_adder_top_utilization_synth.pb
INFO: [Common 17-206] Exiting Vivado at Fri Apr  4 21:32:22 2025...
