
*** Running vivado
    with args -log ripple_adder_top.vdi -applog -m64 -product Vivado -messageDb vivado.pb -mode batch -source ripple_adder_top.tcl -notrace


****** Vivado v2024.2 (64-bit)
  **** SW Build 5239630 on Fri Nov 08 22:34:34 MST 2024
  **** IP Build 5239520 on Sun Nov 10 16:12:51 MST 2024
  **** SharedData Build 5239561 on Fri Nov 08 14:39:27 MST 2024
  **** Start of session at: Fri Apr  4 21:32:33 2025
    ** Copyright 1986-2022 Xilinx, Inc. All Rights Reserved.
    ** Copyright 2022-2024 Advanced Micro Devices, Inc. All Rights Reserved.

source ripple_adder_top.tcl -notrace
Command: link_design -top ripple_adder_top -part xc7z020clg400-1
Design is defaulting to srcset: sources_1
Design is defaulting to constrset: constrs_1
INFO: [Device 21-403] Loading part xc7z020clg400-1
Netlist sorting complete. Time (s): cpu = 00:00:00 ; elapsed = 00:00:00 . Memory (MB): peak = 1713.059 ; gain = 0.000 ; free physical = 87671 ; free virtual = 99081
INFO: [Netlist 29-17] Analyzing 5 Unisim elements for replacement
INFO: [Netlist 29-28] Unisim Transformation completed in 0 CPU seconds
INFO: [Project 1-479] Netlist was created with Vivado 2024.2
INFO: [Project 1-570] Preparing netlist for logic optimization
Parsing XDC File [/home/sunil/Xilinx-Learning/4bAdderRiple-PYNQZ2/4bAdderRiple-PYNQZ2.srcs/constrs_1/new/PZ2.xdc]
Finished Parsing XDC File [/home/sunil/Xilinx-Learning/4bAdderRiple-PYNQZ2/4bAdderRiple-PYNQZ2.srcs/constrs_1/new/PZ2.xdc]
INFO: [Opt 31-138] Pushed 0 inverter(s) to 0 load pin(s).
Netlist sorting complete. Time (s): cpu = 00:00:00 ; elapsed = 00:00:00 . Memory (MB): peak = 1932.680 ; gain = 0.000 ; free physical = 87562 ; free virtual = 98972
INFO: [Project 1-111] Unisim Transformation Summary:
No Unisim elements were transformed.

7 Infos, 0 Warnings, 0 Critical Warnings and 0 Errors encountered.
link_design completed successfully
Command: opt_design
Attempting to get a license for feature 'Implementation' and/or device 'xc7z020'
INFO: [Common 17-349] Got license for feature 'Implementation' and/or device 'xc7z020'
Running DRC as a precondition to command opt_design

Starting DRC Task
INFO: [DRC 23-27] Running DRC with 8 threads
INFO: [Project 1-461] DRC finished with 0 Errors
INFO: [Project 1-462] Please refer to the DRC report (report_drc) for more information.

Time (s): cpu = 00:00:01 ; elapsed = 00:00:00.37 . Memory (MB): peak = 2018.820 ; gain = 80.203 ; free physical = 87496 ; free virtual = 98906

Starting Cache Timing Information Task
INFO: [Timing 38-35] Done setting XDC timing constraints.
Ending Cache Timing Information Task | Checksum: 1f356b4df

Time (s): cpu = 00:00:03 ; elapsed = 00:00:04 . Memory (MB): peak = 2452.648 ; gain = 433.828 ; free physical = 87181 ; free virtual = 98591

Starting Logic Optimization Task

Phase 1 Initialization

Phase 1.1 Core Generation And Design Setup
Phase 1.1 Core Generation And Design Setup | Checksum: 1f356b4df

Time (s): cpu = 00:00:00 ; elapsed = 00:00:00.01 . Memory (MB): peak = 2790.539 ; gain = 0.000 ; free physical = 86844 ; free virtual = 98254

Phase 1.2 Setup Constraints And Sort Netlist
Phase 1.2 Setup Constraints And Sort Netlist | Checksum: 1f356b4df

Time (s): cpu = 00:00:00 ; elapsed = 00:00:00.01 . Memory (MB): peak = 2790.539 ; gain = 0.000 ; free physical = 86844 ; free virtual = 98254
Phase 1 Initialization | Checksum: 1f356b4df

Time (s): cpu = 00:00:00 ; elapsed = 00:00:00.01 . Memory (MB): peak = 2790.539 ; gain = 0.000 ; free physical = 86844 ; free virtual = 98254

Phase 2 Timer Update And Timing Data Collection

Phase 2.1 Timer Update
Phase 2.1 Timer Update | Checksum: 1f356b4df

Time (s): cpu = 00:00:00 ; elapsed = 00:00:00.01 . Memory (MB): peak = 2790.539 ; gain = 0.000 ; free physical = 86843 ; free virtual = 98253

Phase 2.2 Timing Data Collection
Phase 2.2 Timing Data Collection | Checksum: 1f356b4df

Time (s): cpu = 00:00:00 ; elapsed = 00:00:00.01 . Memory (MB): peak = 2790.539 ; gain = 0.000 ; free physical = 86843 ; free virtual = 98253
Phase 2 Timer Update And Timing Data Collection | Checksum: 1f356b4df

Time (s): cpu = 00:00:00 ; elapsed = 00:00:00.01 . Memory (MB): peak = 2790.539 ; gain = 0.000 ; free physical = 86843 ; free virtual = 98253

Phase 3 Retarget
INFO: [Opt 31-1851] Number of loadless carry chains removed were: 0
INFO: [Opt 31-1834] Total Chains To Be Transformed Were: 0 AND Number of Transformed insts Created are: 0
INFO: [Opt 31-138] Pushed 0 inverter(s) to 0 load pin(s).
INFO: [Opt 31-49] Retargeted 0 cell(s).
Phase 3 Retarget | Checksum: 1f356b4df

Time (s): cpu = 00:00:00.01 ; elapsed = 00:00:00.02 . Memory (MB): peak = 2790.539 ; gain = 0.000 ; free physical = 86843 ; free virtual = 98253
Retarget | Checksum: 1f356b4df
INFO: [Opt 31-389] Phase Retarget created 0 cells and removed 0 cells

Phase 4 Constant propagation
INFO: [Opt 31-138] Pushed 0 inverter(s) to 0 load pin(s).
Phase 4 Constant propagation | Checksum: 1f356b4df

Time (s): cpu = 00:00:00.01 ; elapsed = 00:00:00.02 . Memory (MB): peak = 2790.539 ; gain = 0.000 ; free physical = 86843 ; free virtual = 98253
Constant propagation | Checksum: 1f356b4df
INFO: [Opt 31-389] Phase Constant propagation created 0 cells and removed 0 cells

Phase 5 Sweep
INFO: [Constraints 18-11670] Building netlist checker database with flags, 0x8
Done building netlist checker database: Time (s): cpu = 00:00:00 ; elapsed = 00:00:00 . Memory (MB): peak = 2790.539 ; gain = 0.000 ; free physical = 86843 ; free virtual = 98253
Phase 5 Sweep | Checksum: 1dea3502e

Time (s): cpu = 00:00:00.01 ; elapsed = 00:00:00.02 . Memory (MB): peak = 2790.539 ; gain = 0.000 ; free physical = 86843 ; free virtual = 98253
Sweep | Checksum: 1dea3502e
INFO: [Opt 31-389] Phase Sweep created 0 cells and removed 0 cells

Phase 6 BUFG optimization
Phase 6 BUFG optimization | Checksum: 1dea3502e

Time (s): cpu = 00:00:00.01 ; elapsed = 00:00:00.03 . Memory (MB): peak = 2822.555 ; gain = 32.016 ; free physical = 86843 ; free virtual = 98253
BUFG optimization | Checksum: 1dea3502e
INFO: [Opt 31-662] Phase BUFG optimization created 0 cells of which 0 are BUFGs and removed 0 cells.

Phase 7 Shift Register Optimization
INFO: [Opt 31-1064] SRL Remap converted 0 SRLs to 0 registers and converted 0 registers of register chains to 0 SRLs
Phase 7 Shift Register Optimization | Checksum: 1dea3502e

Time (s): cpu = 00:00:00.01 ; elapsed = 00:00:00.03 . Memory (MB): peak = 2822.555 ; gain = 32.016 ; free physical = 86843 ; free virtual = 98253
Shift Register Optimization | Checksum: 1dea3502e
INFO: [Opt 31-389] Phase Shift Register Optimization created 0 cells and removed 0 cells

Phase 8 Post Processing Netlist
Phase 8 Post Processing Netlist | Checksum: 1dea3502e

Time (s): cpu = 00:00:00.01 ; elapsed = 00:00:00.03 . Memory (MB): peak = 2822.555 ; gain = 32.016 ; free physical = 86843 ; free virtual = 98253
Post Processing Netlist | Checksum: 1dea3502e
INFO: [Opt 31-389] Phase Post Processing Netlist created 0 cells and removed 0 cells

Phase 9 Finalization

Phase 9.1 Finalizing Design Cores and Updating Shapes
Phase 9.1 Finalizing Design Cores and Updating Shapes | Checksum: 1fd557624

Time (s): cpu = 00:00:00.01 ; elapsed = 00:00:00.03 . Memory (MB): peak = 2822.555 ; gain = 32.016 ; free physical = 86843 ; free virtual = 98253

Phase 9.2 Verifying Netlist Connectivity

Starting Connectivity Check Task

Time (s): cpu = 00:00:00.01 ; elapsed = 00:00:00 . Memory (MB): peak = 2822.555 ; gain = 0.000 ; free physical = 86843 ; free virtual = 98253
Phase 9.2 Verifying Netlist Connectivity | Checksum: 1fd557624

Time (s): cpu = 00:00:00.02 ; elapsed = 00:00:00.03 . Memory (MB): peak = 2822.555 ; gain = 32.016 ; free physical = 86843 ; free virtual = 98253
Phase 9 Finalization | Checksum: 1fd557624

Time (s): cpu = 00:00:00.02 ; elapsed = 00:00:00.03 . Memory (MB): peak = 2822.555 ; gain = 32.016 ; free physical = 86843 ; free virtual = 98253
Opt_design Change Summary
=========================


-------------------------------------------------------------------------------------------------------------------------
|  Phase                        |  #Cells created  |  #Cells Removed  |  #Constrained objects preventing optimizations  |
-------------------------------------------------------------------------------------------------------------------------
|  Retarget                     |               0  |               0  |                                              0  |
|  Constant propagation         |               0  |               0  |                                              0  |
|  Sweep                        |               0  |               0  |                                              0  |
|  BUFG optimization            |               0  |               0  |                                              0  |
|  Shift Register Optimization  |               0  |               0  |                                              0  |
|  Post Processing Netlist      |               0  |               0  |                                              0  |
-------------------------------------------------------------------------------------------------------------------------


Ending Logic Optimization Task | Checksum: 1fd557624

Time (s): cpu = 00:00:00.02 ; elapsed = 00:00:00.03 . Memory (MB): peak = 2822.555 ; gain = 32.016 ; free physical = 86843 ; free virtual = 98253

Starting Power Optimization Task
INFO: [Pwropt 34-132] Skipping clock gating for clocks with a period < 2.00 ns.
Ending Power Optimization Task | Checksum: 1fd557624

Time (s): cpu = 00:00:00 ; elapsed = 00:00:00.01 . Memory (MB): peak = 2822.555 ; gain = 0.000 ; free physical = 86843 ; free virtual = 98253

Starting Final Cleanup Task
Ending Final Cleanup Task | Checksum: 1fd557624

Time (s): cpu = 00:00:00 ; elapsed = 00:00:00 . Memory (MB): peak = 2822.555 ; gain = 0.000 ; free physical = 86843 ; free virtual = 98253

Starting Netlist Obfuscation Task
Netlist sorting complete. Time (s): cpu = 00:00:00 ; elapsed = 00:00:00 . Memory (MB): peak = 2822.555 ; gain = 0.000 ; free physical = 86843 ; free virtual = 98253
Ending Netlist Obfuscation Task | Checksum: 1fd557624

Time (s): cpu = 00:00:00 ; elapsed = 00:00:00 . Memory (MB): peak = 2822.555 ; gain = 0.000 ; free physical = 86843 ; free virtual = 98253
INFO: [Common 17-83] Releasing license: Implementation
27 Infos, 0 Warnings, 0 Critical Warnings and 0 Errors encountered.
opt_design completed successfully
opt_design: Time (s): cpu = 00:00:06 ; elapsed = 00:00:05 . Memory (MB): peak = 2822.555 ; gain = 883.938 ; free physical = 86843 ; free virtual = 98253
INFO: [Vivado 12-24828] Executing command : report_drc -file ripple_adder_top_drc_opted.rpt -pb ripple_adder_top_drc_opted.pb -rpx ripple_adder_top_drc_opted.rpx
Command: report_drc -file ripple_adder_top_drc_opted.rpt -pb ripple_adder_top_drc_opted.pb -rpx ripple_adder_top_drc_opted.rpx
INFO: [IP_Flow 19-234] Refreshing IP repositories
INFO: [IP_Flow 19-1704] No user IP repositories specified
INFO: [IP_Flow 19-2313] Loaded Vivado IP repository '/tools/Xilinx/Vivado/2024.2/data/ip'.
INFO: [DRC 23-27] Running DRC with 8 threads
INFO: [Vivado_Tcl 2-168] The results of DRC are in file /home/sunil/Xilinx-Learning/4bAdderRiple-PYNQZ2/4bAdderRiple-PYNQZ2.runs/impl_1/ripple_adder_top_drc_opted.rpt.
report_drc completed successfully
INFO: [Timing 38-480] Writing timing data to binary archive.
Write ShapeDB Complete: Time (s): cpu = 00:00:00 ; elapsed = 00:00:00 . Memory (MB): peak = 2842.367 ; gain = 0.000 ; free physical = 86815 ; free virtual = 98225
Wrote PlaceDB: Time (s): cpu = 00:00:00 ; elapsed = 00:00:00 . Memory (MB): peak = 2842.367 ; gain = 0.000 ; free physical = 86815 ; free virtual = 98225
Wrote PulsedLatchDB: Time (s): cpu = 00:00:00 ; elapsed = 00:00:00 . Memory (MB): peak = 2842.367 ; gain = 0.000 ; free physical = 86815 ; free virtual = 98225
Writing XDEF routing.
Writing XDEF routing logical nets.
Writing XDEF routing special nets.
Wrote RouteStorage: Time (s): cpu = 00:00:00.03 ; elapsed = 00:00:00.01 . Memory (MB): peak = 2842.367 ; gain = 0.000 ; free physical = 86815 ; free virtual = 98225
Wrote Netlist Cache: Time (s): cpu = 00:00:00 ; elapsed = 00:00:00 . Memory (MB): peak = 2842.367 ; gain = 0.000 ; free physical = 86815 ; free virtual = 98225
Wrote Device Cache: Time (s): cpu = 00:00:00.01 ; elapsed = 00:00:00.01 . Memory (MB): peak = 2842.367 ; gain = 0.000 ; free physical = 86814 ; free virtual = 98225
Write Physdb Complete: Time (s): cpu = 00:00:00.04 ; elapsed = 00:00:00.02 . Memory (MB): peak = 2842.367 ; gain = 0.000 ; free physical = 86814 ; free virtual = 98225
INFO: [Common 17-1381] The checkpoint '/home/sunil/Xilinx-Learning/4bAdderRiple-PYNQZ2/4bAdderRiple-PYNQZ2.runs/impl_1/ripple_adder_top_opt.dcp' has been generated.
Command: place_design
Attempting to get a license for feature 'Implementation' and/or device 'xc7z020'
INFO: [Common 17-349] Got license for feature 'Implementation' and/or device 'xc7z020'
INFO: [Common 17-83] Releasing license: Implementation
INFO: [DRC 23-27] Running DRC with 8 threads
INFO: [Vivado_Tcl 4-198] DRC finished with 0 Errors
INFO: [Vivado_Tcl 4-199] Please refer to the DRC report (report_drc) for more information.
Running DRC as a precondition to command place_design
INFO: [DRC 23-27] Running DRC with 8 threads
INFO: [Vivado_Tcl 4-198] DRC finished with 0 Errors
INFO: [Vivado_Tcl 4-199] Please refer to the DRC report (report_drc) for more information.
INFO: [Place 30-611] Multithreading enabled for place_design using a maximum of 8 CPUs

Starting Placer Task

Phase 1 Placer Initialization

Phase 1.1 Placer Initialization Netlist Sorting
Netlist sorting complete. Time (s): cpu = 00:00:00 ; elapsed = 00:00:00 . Memory (MB): peak = 2883.062 ; gain = 0.000 ; free physical = 86789 ; free virtual = 98199
Phase 1.1 Placer Initialization Netlist Sorting | Checksum: 1591c4d6a

Time (s): cpu = 00:00:00 ; elapsed = 00:00:00 . Memory (MB): peak = 2883.062 ; gain = 0.000 ; free physical = 86789 ; free virtual = 98199
Netlist sorting complete. Time (s): cpu = 00:00:00 ; elapsed = 00:00:00 . Memory (MB): peak = 2883.062 ; gain = 0.000 ; free physical = 86789 ; free virtual = 98199

Phase 1.2 IO Placement/ Clock Placement/ Build Placer Device
INFO: [Timing 38-35] Done setting XDC timing constraints.
Phase 1.2 IO Placement/ Clock Placement/ Build Placer Device | Checksum: dce01adb

Time (s): cpu = 00:00:00.22 ; elapsed = 00:00:00.1 . Memory (MB): peak = 2883.062 ; gain = 0.000 ; free physical = 86788 ; free virtual = 98199

Phase 1.3 Build Placer Netlist Model
Phase 1.3 Build Placer Netlist Model | Checksum: fafa4290

Time (s): cpu = 00:00:00.33 ; elapsed = 00:00:00.13 . Memory (MB): peak = 2915.078 ; gain = 32.016 ; free physical = 86788 ; free virtual = 98198

Phase 1.4 Constrain Clocks/Macros
Phase 1.4 Constrain Clocks/Macros | Checksum: fafa4290

Time (s): cpu = 00:00:00.33 ; elapsed = 00:00:00.13 . Memory (MB): peak = 2915.078 ; gain = 32.016 ; free physical = 86788 ; free virtual = 98198
Phase 1 Placer Initialization | Checksum: fafa4290

Time (s): cpu = 00:00:00.34 ; elapsed = 00:00:00.14 . Memory (MB): peak = 2915.078 ; gain = 32.016 ; free physical = 86788 ; free virtual = 98198

Phase 2 Global Placement

Phase 2.1 Floorplanning
Phase 2.1 Floorplanning | Checksum: 1b3ae43fa

Time (s): cpu = 00:00:00.39 ; elapsed = 00:00:00.15 . Memory (MB): peak = 2915.078 ; gain = 32.016 ; free physical = 86781 ; free virtual = 98191

Phase 2.2 Update Timing before SLR Path Opt
Phase 2.2 Update Timing before SLR Path Opt | Checksum: 1c2190e6c

Time (s): cpu = 00:00:00.43 ; elapsed = 00:00:00.16 . Memory (MB): peak = 2915.078 ; gain = 32.016 ; free physical = 86782 ; free virtual = 98192

Phase 2.3 Post-Processing in Floorplanning
Phase 2.3 Post-Processing in Floorplanning | Checksum: 1c2190e6c

Time (s): cpu = 00:00:00.43 ; elapsed = 00:00:00.16 . Memory (MB): peak = 2915.078 ; gain = 32.016 ; free physical = 86782 ; free virtual = 98192

Phase 2.4 Global Place Phase1
Phase 2.4 Global Place Phase1 | Checksum: 1ae7694bc

Time (s): cpu = 00:00:00.83 ; elapsed = 00:00:00.28 . Memory (MB): peak = 2915.078 ; gain = 32.016 ; free physical = 86797 ; free virtual = 98207

Phase 2.5 Global Place Phase2

Phase 2.5.1 UpdateTiming Before Physical Synthesis
Phase 2.5.1 UpdateTiming Before Physical Synthesis | Checksum: 18b0226b0

Time (s): cpu = 00:00:00.85 ; elapsed = 00:00:00.3 . Memory (MB): peak = 2915.078 ; gain = 32.016 ; free physical = 86803 ; free virtual = 98214

Phase 2.5.2 Physical Synthesis In Placer
INFO: [Physopt 32-1035] Found 0 LUTNM shape to break, 2 LUT instances to create LUTNM shape
INFO: [Physopt 32-1044] Break lutnm for timing: one critical 0, two critical 0, total 0, new lutff created 0
INFO: [Physopt 32-1138] End 1 Pass. Optimized 1 net or LUT. Breaked 0 LUT, combined 1 existing LUT and moved 0 existing LUT
INFO: [Physopt 32-65] No nets found for high-fanout optimization.
INFO: [Physopt 32-232] Optimized 0 net. Created 0 new instance.
INFO: [Physopt 32-775] End 1 Pass. Optimized 0 net or cell. Created 0 new cell, deleted 0 existing cell and moved 0 existing cell
INFO: [Physopt 32-670] No setup violation found.  DSP Register Optimization was not performed.
INFO: [Physopt 32-670] No setup violation found.  Shift Register to Pipeline Optimization was not performed.
INFO: [Physopt 32-670] No setup violation found.  Shift Register Optimization was not performed.
INFO: [Physopt 32-670] No setup violation found.  BRAM Register Optimization was not performed.
INFO: [Physopt 32-670] No setup violation found.  URAM Register Optimization was not performed.
INFO: [Physopt 32-949] No candidate nets found for dynamic/static region interface net replication
INFO: [Physopt 32-775] End 1 Pass. Optimized 0 net or cell. Created 0 new cell, deleted 0 existing cell and moved 0 existing cell
Netlist sorting complete. Time (s): cpu = 00:00:00 ; elapsed = 00:00:00 . Memory (MB): peak = 2915.078 ; gain = 0.000 ; free physical = 86804 ; free virtual = 98215

Summary of Physical Synthesis Optimizations
============================================


-----------------------------------------------------------------------------------------------------------------------------------------------------------
|  Optimization                                     |  Added Cells  |  Removed Cells  |  Optimized Cells/Nets  |  Dont Touch  |  Iterations  |  Elapsed   |
-----------------------------------------------------------------------------------------------------------------------------------------------------------
|  LUT Combining                                    |            0  |              1  |                     1  |           0  |           1  |  00:00:00  |
|  Retime                                           |            0  |              0  |                     0  |           0  |           1  |  00:00:00  |
|  Very High Fanout                                 |            0  |              0  |                     0  |           0  |           1  |  00:00:00  |
|  DSP Register                                     |            0  |              0  |                     0  |           0  |           0  |  00:00:00  |
|  Shift Register to Pipeline                       |            0  |              0  |                     0  |           0  |           0  |  00:00:00  |
|  Shift Register                                   |            0  |              0  |                     0  |           0  |           0  |  00:00:00  |
|  BRAM Register                                    |            0  |              0  |                     0  |           0  |           0  |  00:00:00  |
|  URAM Register                                    |            0  |              0  |                     0  |           0  |           0  |  00:00:00  |
|  Dynamic/Static Region Interface Net Replication  |            0  |              0  |                     0  |           0  |           1  |  00:00:00  |
|  Total                                            |            0  |              1  |                     1  |           0  |           4  |  00:00:00  |
-----------------------------------------------------------------------------------------------------------------------------------------------------------


Phase 2.5.2 Physical Synthesis In Placer | Checksum: 230741bcb

Time (s): cpu = 00:00:01 ; elapsed = 00:00:00.45 . Memory (MB): peak = 2915.078 ; gain = 32.016 ; free physical = 86804 ; free virtual = 98214
Phase 2.5 Global Place Phase2 | Checksum: 1a56a204c

Time (s): cpu = 00:00:01 ; elapsed = 00:00:00.48 . Memory (MB): peak = 2915.078 ; gain = 32.016 ; free physical = 86805 ; free virtual = 98216
Phase 2 Global Placement | Checksum: 1a56a204c

Time (s): cpu = 00:00:01 ; elapsed = 00:00:00.48 . Memory (MB): peak = 2915.078 ; gain = 32.016 ; free physical = 86805 ; free virtual = 98216

Phase 3 Detail Placement

Phase 3.1 Commit Multi Column Macros
Phase 3.1 Commit Multi Column Macros | Checksum: 1d26b9aa8

Time (s): cpu = 00:00:01 ; elapsed = 00:00:00.49 . Memory (MB): peak = 2915.078 ; gain = 32.016 ; free physical = 86805 ; free virtual = 98215

Phase 3.2 Commit Most Macros & LUTRAMs
Phase 3.2 Commit Most Macros & LUTRAMs | Checksum: 1d4d3d7bb

Time (s): cpu = 00:00:01 ; elapsed = 00:00:00.51 . Memory (MB): peak = 2915.078 ; gain = 32.016 ; free physical = 86805 ; free virtual = 98215

Phase 3.3 Area Swap Optimization
Phase 3.3 Area Swap Optimization | Checksum: 243519809

Time (s): cpu = 00:00:01 ; elapsed = 00:00:00.52 . Memory (MB): peak = 2915.078 ; gain = 32.016 ; free physical = 86805 ; free virtual = 98215

Phase 3.4 Pipeline Register Optimization
Phase 3.4 Pipeline Register Optimization | Checksum: 24fbcaae8

Time (s): cpu = 00:00:01 ; elapsed = 00:00:00.52 . Memory (MB): peak = 2915.078 ; gain = 32.016 ; free physical = 86805 ; free virtual = 98215

Phase 3.5 Small Shape Detail Placement
Phase 3.5 Small Shape Detail Placement | Checksum: 1ead0652d

Time (s): cpu = 00:00:02 ; elapsed = 00:00:00.58 . Memory (MB): peak = 2915.078 ; gain = 32.016 ; free physical = 86805 ; free virtual = 98216

Phase 3.6 Re-assign LUT pins
Phase 3.6 Re-assign LUT pins | Checksum: 151c27811

Time (s): cpu = 00:00:02 ; elapsed = 00:00:00.58 . Memory (MB): peak = 2915.078 ; gain = 32.016 ; free physical = 86805 ; free virtual = 98216

Phase 3.7 Pipeline Register Optimization
Phase 3.7 Pipeline Register Optimization | Checksum: 13f2ba5b2

Time (s): cpu = 00:00:02 ; elapsed = 00:00:00.58 . Memory (MB): peak = 2915.078 ; gain = 32.016 ; free physical = 86805 ; free virtual = 98216
Phase 3 Detail Placement | Checksum: 13f2ba5b2

Time (s): cpu = 00:00:02 ; elapsed = 00:00:00.58 . Memory (MB): peak = 2915.078 ; gain = 32.016 ; free physical = 86805 ; free virtual = 98216

Phase 4 Post Placement Optimization and Clean-Up

Phase 4.1 Post Commit Optimization
INFO: [Timing 38-35] Done setting XDC timing constraints.

Phase 4.1.1 Post Placement Optimization
Post Placement Optimization Initialization | Checksum: 17f6fa269

Phase 4.1.1.1 BUFG Insertion

Starting Physical Synthesis Task

Phase 1 Physical Synthesis Initialization
INFO: [Physopt 32-721] Multithreading enabled for phys_opt_design using a maximum of 8 CPUs
INFO: [Physopt 32-619] Estimated Timing Summary | WNS=4.525 | TNS=0.000 |
Phase 1 Physical Synthesis Initialization | Checksum: 1d9c4bf24

Time (s): cpu = 00:00:00.02 ; elapsed = 00:00:00 . Memory (MB): peak = 2915.078 ; gain = 0.000 ; free physical = 86805 ; free virtual = 98215
INFO: [Place 46-56] BUFG insertion identified 0 candidate nets. Inserted BUFG: 0, Replicated BUFG Driver: 0, Skipped due to Placement/Routing Conflicts: 0, Skipped due to Timing Degradation: 0, Skipped due to netlist editing failed: 0.
Ending Physical Synthesis Task | Checksum: 143abb592

Time (s): cpu = 00:00:00.02 ; elapsed = 00:00:00 . Memory (MB): peak = 2915.078 ; gain = 0.000 ; free physical = 86805 ; free virtual = 98215
Phase 4.1.1.1 BUFG Insertion | Checksum: 17f6fa269

Time (s): cpu = 00:00:02 ; elapsed = 00:00:00.62 . Memory (MB): peak = 2915.078 ; gain = 32.016 ; free physical = 86805 ; free virtual = 98215

Phase 4.1.1.2 Post Placement Timing Optimization
INFO: [Place 30-746] Post Placement Timing Summary WNS=4.525. For the most accurate timing information please run report_timing.
Phase 4.1.1.2 Post Placement Timing Optimization | Checksum: 196b37841

Time (s): cpu = 00:00:02 ; elapsed = 00:00:00.63 . Memory (MB): peak = 2915.078 ; gain = 32.016 ; free physical = 86805 ; free virtual = 98215

Time (s): cpu = 00:00:02 ; elapsed = 00:00:00.63 . Memory (MB): peak = 2915.078 ; gain = 32.016 ; free physical = 86805 ; free virtual = 98215
Phase 4.1 Post Commit Optimization | Checksum: 196b37841

Time (s): cpu = 00:00:02 ; elapsed = 00:00:00.63 . Memory (MB): peak = 2915.078 ; gain = 32.016 ; free physical = 86805 ; free virtual = 98215

Phase 4.2 Post Placement Cleanup
Phase 4.2 Post Placement Cleanup | Checksum: 196b37841

Time (s): cpu = 00:00:02 ; elapsed = 00:00:00.63 . Memory (MB): peak = 2915.078 ; gain = 32.016 ; free physical = 86805 ; free virtual = 98215

Phase 4.3 Placer Reporting

Phase 4.3.1 Print Estimated Congestion
INFO: [Place 30-612] Post-Placement Estimated Congestion 
 ____________________________________________________
|           | Global Congestion | Short Congestion  |
| Direction | Region Size       | Region Size       |
|___________|___________________|___________________|
|      North|                1x1|                1x1|
|___________|___________________|___________________|
|      South|                1x1|                1x1|
|___________|___________________|___________________|
|       East|                1x1|                1x1|
|___________|___________________|___________________|
|       West|                1x1|                1x1|
|___________|___________________|___________________|

Phase 4.3.1 Print Estimated Congestion | Checksum: 196b37841

Time (s): cpu = 00:00:02 ; elapsed = 00:00:00.63 . Memory (MB): peak = 2915.078 ; gain = 32.016 ; free physical = 86805 ; free virtual = 98215
Phase 4.3 Placer Reporting | Checksum: 196b37841

Time (s): cpu = 00:00:02 ; elapsed = 00:00:00.63 . Memory (MB): peak = 2915.078 ; gain = 32.016 ; free physical = 86805 ; free virtual = 98215

Phase 4.4 Final Placement Cleanup
Netlist sorting complete. Time (s): cpu = 00:00:00 ; elapsed = 00:00:00 . Memory (MB): peak = 2915.078 ; gain = 0.000 ; free physical = 86805 ; free virtual = 98215

Time (s): cpu = 00:00:02 ; elapsed = 00:00:00.63 . Memory (MB): peak = 2915.078 ; gain = 32.016 ; free physical = 86805 ; free virtual = 98215
Phase 4 Post Placement Optimization and Clean-Up | Checksum: 17243165d

Time (s): cpu = 00:00:02 ; elapsed = 00:00:00.63 . Memory (MB): peak = 2915.078 ; gain = 32.016 ; free physical = 86805 ; free virtual = 98215
Ending Placer Task | Checksum: 7b022af4

Time (s): cpu = 00:00:02 ; elapsed = 00:00:00.63 . Memory (MB): peak = 2915.078 ; gain = 32.016 ; free physical = 86805 ; free virtual = 98215
64 Infos, 0 Warnings, 0 Critical Warnings and 0 Errors encountered.
place_design completed successfully
INFO: [Vivado 12-24838] Running report commands "report_control_sets, report_io, report_utilization" in parallel.
Running report generation with 3 threads.
INFO: [Vivado 12-24828] Executing command : report_control_sets -verbose -file ripple_adder_top_control_sets_placed.rpt
report_control_sets: Time (s): cpu = 00:00:00.03 ; elapsed = 00:00:00.07 . Memory (MB): peak = 2915.078 ; gain = 0.000 ; free physical = 86794 ; free virtual = 98204
INFO: [Vivado 12-24828] Executing command : report_utilization -file ripple_adder_top_utilization_placed.rpt -pb ripple_adder_top_utilization_placed.pb
INFO: [Vivado 12-24828] Executing command : report_io -file ripple_adder_top_io_placed.rpt
report_io: Time (s): cpu = 00:00:00.08 ; elapsed = 00:00:00.16 . Memory (MB): peak = 2915.078 ; gain = 0.000 ; free physical = 86792 ; free virtual = 98202
INFO: [Timing 38-480] Writing timing data to binary archive.
Write ShapeDB Complete: Time (s): cpu = 00:00:00 ; elapsed = 00:00:00 . Memory (MB): peak = 2915.078 ; gain = 0.000 ; free physical = 86792 ; free virtual = 98202
Wrote PlaceDB: Time (s): cpu = 00:00:00.01 ; elapsed = 00:00:00 . Memory (MB): peak = 2915.078 ; gain = 0.000 ; free physical = 86792 ; free virtual = 98202
Wrote PulsedLatchDB: Time (s): cpu = 00:00:00 ; elapsed = 00:00:00 . Memory (MB): peak = 2915.078 ; gain = 0.000 ; free physical = 86792 ; free virtual = 98202
Writing XDEF routing.
Writing XDEF routing logical nets.
Writing XDEF routing special nets.
Wrote RouteStorage: Time (s): cpu = 00:00:00.02 ; elapsed = 00:00:00.01 . Memory (MB): peak = 2915.078 ; gain = 0.000 ; free physical = 86792 ; free virtual = 98202
Wrote Netlist Cache: Time (s): cpu = 00:00:00 ; elapsed = 00:00:00 . Memory (MB): peak = 2915.078 ; gain = 0.000 ; free physical = 86792 ; free virtual = 98202
Wrote Device Cache: Time (s): cpu = 00:00:00.01 ; elapsed = 00:00:00.01 . Memory (MB): peak = 2915.078 ; gain = 0.000 ; free physical = 86792 ; free virtual = 98203
Write Physdb Complete: Time (s): cpu = 00:00:00.04 ; elapsed = 00:00:00.02 . Memory (MB): peak = 2915.078 ; gain = 0.000 ; free physical = 86792 ; free virtual = 98203
INFO: [Common 17-1381] The checkpoint '/home/sunil/Xilinx-Learning/4bAdderRiple-PYNQZ2/4bAdderRiple-PYNQZ2.runs/impl_1/ripple_adder_top_placed.dcp' has been generated.
Command: phys_opt_design
Attempting to get a license for feature 'Implementation' and/or device 'xc7z020'
INFO: [Common 17-349] Got license for feature 'Implementation' and/or device 'xc7z020'

Starting Initial Update Timing Task

Time (s): cpu = 00:00:00.01 ; elapsed = 00:00:00.01 . Memory (MB): peak = 2915.078 ; gain = 0.000 ; free physical = 86790 ; free virtual = 98201
INFO: [Vivado_Tcl 4-2279] Estimated Timing Summary | WNS= 4.525 | TNS= 0.000 | 
INFO: [Vivado_Tcl 4-383] Design worst setup slack (WNS) is greater than or equal to 0.000 ns. All physical synthesis setup optimizations will be skipped.
INFO: [Vivado_Tcl 4-232] No setup violation found. The netlist was not modified.
INFO: [Common 17-83] Releasing license: Implementation
75 Infos, 0 Warnings, 0 Critical Warnings and 0 Errors encountered.
phys_opt_design completed successfully
INFO: [Timing 38-480] Writing timing data to binary archive.
Write ShapeDB Complete: Time (s): cpu = 00:00:00 ; elapsed = 00:00:00 . Memory (MB): peak = 2915.078 ; gain = 0.000 ; free physical = 86790 ; free virtual = 98201
Wrote PlaceDB: Time (s): cpu = 00:00:00 ; elapsed = 00:00:00 . Memory (MB): peak = 2915.078 ; gain = 0.000 ; free physical = 86790 ; free virtual = 98201
Wrote PulsedLatchDB: Time (s): cpu = 00:00:00 ; elapsed = 00:00:00 . Memory (MB): peak = 2915.078 ; gain = 0.000 ; free physical = 86790 ; free virtual = 98201
Writing XDEF routing.
Writing XDEF routing logical nets.
Writing XDEF routing special nets.
Wrote RouteStorage: Time (s): cpu = 00:00:00.03 ; elapsed = 00:00:00.01 . Memory (MB): peak = 2915.078 ; gain = 0.000 ; free physical = 86789 ; free virtual = 98200
Wrote Netlist Cache: Time (s): cpu = 00:00:00 ; elapsed = 00:00:00 . Memory (MB): peak = 2915.078 ; gain = 0.000 ; free physical = 86789 ; free virtual = 98200
Wrote Device Cache: Time (s): cpu = 00:00:00 ; elapsed = 00:00:00 . Memory (MB): peak = 2915.078 ; gain = 0.000 ; free physical = 86788 ; free virtual = 98200
Write Physdb Complete: Time (s): cpu = 00:00:00.03 ; elapsed = 00:00:00.01 . Memory (MB): peak = 2915.078 ; gain = 0.000 ; free physical = 86788 ; free virtual = 98200
INFO: [Common 17-1381] The checkpoint '/home/sunil/Xilinx-Learning/4bAdderRiple-PYNQZ2/4bAdderRiple-PYNQZ2.runs/impl_1/ripple_adder_top_physopt.dcp' has been generated.
Command: route_design
Attempting to get a license for feature 'Implementation' and/or device 'xc7z020'
INFO: [Common 17-349] Got license for feature 'Implementation' and/or device 'xc7z020'


Starting Routing Task
INFO: [Route 35-254] Multithreading enabled for route_design using a maximum of 8 CPUs

Phase 1 Build RT Design
Checksum: PlaceDB: 33ea990f ConstDB: 0 ShapeSum: 311e1ef5 RouteDB: 15f972f0
Post Restoration Checksum: NetGraph: a1af5779 | NumContArr: f21ddeb2 | Constraints: c2a8fa9d | Timing: c2a8fa9d
Phase 1 Build RT Design | Checksum: 3191f2b65

Time (s): cpu = 00:00:14 ; elapsed = 00:00:12 . Memory (MB): peak = 3006.027 ; gain = 90.949 ; free physical = 86749 ; free virtual = 98158

Phase 2 Router Initialization

Phase 2.1 Fix Topology Constraints
Phase 2.1 Fix Topology Constraints | Checksum: 3191f2b65

Time (s): cpu = 00:00:14 ; elapsed = 00:00:12 . Memory (MB): peak = 3006.027 ; gain = 90.949 ; free physical = 86749 ; free virtual = 98158

Phase 2.2 Pre Route Cleanup
Phase 2.2 Pre Route Cleanup | Checksum: 3191f2b65

Time (s): cpu = 00:00:14 ; elapsed = 00:00:12 . Memory (MB): peak = 3006.027 ; gain = 90.949 ; free physical = 86749 ; free virtual = 98158
 Number of Nodes with overlaps = 0

Phase 2.3 Update Timing
Phase 2.3 Update Timing | Checksum: 28ec7ce8f

Time (s): cpu = 00:00:14 ; elapsed = 00:00:12 . Memory (MB): peak = 3042.043 ; gain = 126.965 ; free physical = 86717 ; free virtual = 98126
INFO: [Route 35-416] Intermediate Timing Summary | WNS=4.378  | TNS=0.000  | WHS=-0.072 | THS=-0.072 |


Router Utilization Summary
  Global Vertical Routing Utilization    = 0 %
  Global Horizontal Routing Utilization  = 0 %
  Routable Net Status*
  *Does not include unroutable nets such as driverless and loadless.
  Run report_route_status for detailed report.
  Number of Failed Nets               = 68
    (Failed Nets is the sum of unrouted and partially routed nets)
  Number of Unrouted Nets             = 68
  Number of Partially Routed Nets     = 0
  Number of Node Overlaps             = 0

Phase 2 Router Initialization | Checksum: 1f37f44f4

Time (s): cpu = 00:00:14 ; elapsed = 00:00:12 . Memory (MB): peak = 3042.043 ; gain = 126.965 ; free physical = 86709 ; free virtual = 98118

Phase 3 Global Routing
Phase 3 Global Routing | Checksum: 1f37f44f4

Time (s): cpu = 00:00:14 ; elapsed = 00:00:12 . Memory (MB): peak = 3042.043 ; gain = 126.965 ; free physical = 86709 ; free virtual = 98118

Phase 4 Initial Routing

Phase 4.1 Initial Net Routing Pass
Phase 4.1 Initial Net Routing Pass | Checksum: 27c0f9ce5

Time (s): cpu = 00:00:14 ; elapsed = 00:00:12 . Memory (MB): peak = 3042.043 ; gain = 126.965 ; free physical = 86709 ; free virtual = 98118
Phase 4 Initial Routing | Checksum: 27c0f9ce5

Time (s): cpu = 00:00:14 ; elapsed = 00:00:12 . Memory (MB): peak = 3042.043 ; gain = 126.965 ; free physical = 86709 ; free virtual = 98118

Phase 5 Rip-up And Reroute

Phase 5.1 Global Iteration 0
 Number of Nodes with overlaps = 1
 Number of Nodes with overlaps = 0
INFO: [Route 35-416] Intermediate Timing Summary | WNS=4.100  | TNS=0.000  | WHS=N/A    | THS=N/A    |

Phase 5.1 Global Iteration 0 | Checksum: 1edb1799e

Time (s): cpu = 00:00:14 ; elapsed = 00:00:12 . Memory (MB): peak = 3042.043 ; gain = 126.965 ; free physical = 86709 ; free virtual = 98118
Phase 5 Rip-up And Reroute | Checksum: 1edb1799e

Time (s): cpu = 00:00:14 ; elapsed = 00:00:12 . Memory (MB): peak = 3042.043 ; gain = 126.965 ; free physical = 86709 ; free virtual = 98118

Phase 6 Delay and Skew Optimization

Phase 6.1 Delay CleanUp

Phase 6.1.1 Update Timing
Phase 6.1.1 Update Timing | Checksum: 1dc8c91c7

Time (s): cpu = 00:00:14 ; elapsed = 00:00:12 . Memory (MB): peak = 3042.043 ; gain = 126.965 ; free physical = 86709 ; free virtual = 98118
INFO: [Route 35-416] Intermediate Timing Summary | WNS=4.271  | TNS=0.000  | WHS=N/A    | THS=N/A    |

Phase 6.1 Delay CleanUp | Checksum: 1dc8c91c7

Time (s): cpu = 00:00:14 ; elapsed = 00:00:12 . Memory (MB): peak = 3042.043 ; gain = 126.965 ; free physical = 86709 ; free virtual = 98118

Phase 6.2 Clock Skew Optimization
Phase 6.2 Clock Skew Optimization | Checksum: 1dc8c91c7

Time (s): cpu = 00:00:14 ; elapsed = 00:00:12 . Memory (MB): peak = 3042.043 ; gain = 126.965 ; free physical = 86709 ; free virtual = 98118
Phase 6 Delay and Skew Optimization | Checksum: 1dc8c91c7

Time (s): cpu = 00:00:14 ; elapsed = 00:00:12 . Memory (MB): peak = 3042.043 ; gain = 126.965 ; free physical = 86709 ; free virtual = 98118

Phase 7 Post Hold Fix

Phase 7.1 Hold Fix Iter
INFO: [Route 35-416] Intermediate Timing Summary | WNS=4.271  | TNS=0.000  | WHS=0.247  | THS=0.000  |

Phase 7.1 Hold Fix Iter | Checksum: 1d95f7305

Time (s): cpu = 00:00:14 ; elapsed = 00:00:12 . Memory (MB): peak = 3042.043 ; gain = 126.965 ; free physical = 86709 ; free virtual = 98118
Phase 7 Post Hold Fix | Checksum: 1d95f7305

Time (s): cpu = 00:00:14 ; elapsed = 00:00:12 . Memory (MB): peak = 3042.043 ; gain = 126.965 ; free physical = 86709 ; free virtual = 98118

Phase 8 Route finalize

Router Utilization Summary
  Global Vertical Routing Utilization    = 0.012944 %
  Global Horizontal Routing Utilization  = 0.00566261 %
  Routable Net Status*
  *Does not include unroutable nets such as driverless and loadless.
  Run report_route_status for detailed report.
  Number of Failed Nets               = 0
    (Failed Nets is the sum of unrouted and partially routed nets)
  Number of Unrouted Nets             = 0
  Number of Partially Routed Nets     = 0
  Number of Node Overlaps             = 0

Phase 8 Route finalize | Checksum: 1d95f7305

Time (s): cpu = 00:00:14 ; elapsed = 00:00:12 . Memory (MB): peak = 3042.043 ; gain = 126.965 ; free physical = 86709 ; free virtual = 98118

Phase 9 Verifying routed nets

 Verification completed successfully
Phase 9 Verifying routed nets | Checksum: 1d95f7305

Time (s): cpu = 00:00:14 ; elapsed = 00:00:12 . Memory (MB): peak = 3042.043 ; gain = 126.965 ; free physical = 86709 ; free virtual = 98118

Phase 10 Depositing Routes
Phase 10 Depositing Routes | Checksum: 20614a93d

Time (s): cpu = 00:00:14 ; elapsed = 00:00:12 . Memory (MB): peak = 3042.043 ; gain = 126.965 ; free physical = 86709 ; free virtual = 98118

Phase 11 Post Process Routing
Phase 11 Post Process Routing | Checksum: 20614a93d

Time (s): cpu = 00:00:14 ; elapsed = 00:00:12 . Memory (MB): peak = 3042.043 ; gain = 126.965 ; free physical = 86709 ; free virtual = 98118

Phase 12 Post Router Timing
INFO: [Route 35-57] Estimated Timing Summary | WNS=4.271  | TNS=0.000  | WHS=0.247  | THS=0.000  |

INFO: [Route 35-327] The final timing numbers are based on the router estimated timing analysis. For a complete and accurate timing signoff, please run report_timing_summary.
Phase 12 Post Router Timing | Checksum: 20614a93d

Time (s): cpu = 00:00:14 ; elapsed = 00:00:12 . Memory (MB): peak = 3042.043 ; gain = 126.965 ; free physical = 86709 ; free virtual = 98118
Total Elapsed time in route_design: 11.82 secs

Phase 13 Post-Route Event Processing
Phase 13 Post-Route Event Processing | Checksum: 1d22b1d23

Time (s): cpu = 00:00:14 ; elapsed = 00:00:12 . Memory (MB): peak = 3042.043 ; gain = 126.965 ; free physical = 86709 ; free virtual = 98118
INFO: [Route 35-16] Router Completed Successfully
Ending Routing Task | Checksum: 1d22b1d23

Time (s): cpu = 00:00:14 ; elapsed = 00:00:12 . Memory (MB): peak = 3042.043 ; gain = 126.965 ; free physical = 86709 ; free virtual = 98118

Routing Is Done.
INFO: [Common 17-83] Releasing license: Implementation
87 Infos, 0 Warnings, 0 Critical Warnings and 0 Errors encountered.
route_design completed successfully
route_design: Time (s): cpu = 00:00:14 ; elapsed = 00:00:12 . Memory (MB): peak = 3042.043 ; gain = 126.965 ; free physical = 86709 ; free virtual = 98118
INFO: [Vivado 12-24828] Executing command : report_drc -file ripple_adder_top_drc_routed.rpt -pb ripple_adder_top_drc_routed.pb -rpx ripple_adder_top_drc_routed.rpx
Command: report_drc -file ripple_adder_top_drc_routed.rpt -pb ripple_adder_top_drc_routed.pb -rpx ripple_adder_top_drc_routed.rpx
INFO: [IP_Flow 19-1839] IP Catalog is up to date.
INFO: [DRC 23-27] Running DRC with 8 threads
INFO: [Vivado_Tcl 2-168] The results of DRC are in file /home/sunil/Xilinx-Learning/4bAdderRiple-PYNQZ2/4bAdderRiple-PYNQZ2.runs/impl_1/ripple_adder_top_drc_routed.rpt.
report_drc completed successfully
INFO: [Vivado 12-24828] Executing command : report_methodology -file ripple_adder_top_methodology_drc_routed.rpt -pb ripple_adder_top_methodology_drc_routed.pb -rpx ripple_adder_top_methodology_drc_routed.rpx
Command: report_methodology -file ripple_adder_top_methodology_drc_routed.rpt -pb ripple_adder_top_methodology_drc_routed.pb -rpx ripple_adder_top_methodology_drc_routed.rpx
INFO: [Timing 38-35] Done setting XDC timing constraints.
INFO: [DRC 23-133] Running Methodology with 8 threads
INFO: [Vivado_Tcl 2-1520] The results of Report Methodology are in file /home/sunil/Xilinx-Learning/4bAdderRiple-PYNQZ2/4bAdderRiple-PYNQZ2.runs/impl_1/ripple_adder_top_methodology_drc_routed.rpt.
report_methodology completed successfully
INFO: [Vivado 12-24828] Executing command : report_timing_summary -max_paths 10 -report_unconstrained -file ripple_adder_top_timing_summary_routed.rpt -pb ripple_adder_top_timing_summary_routed.pb -rpx ripple_adder_top_timing_summary_routed.rpx -warn_on_violation 
INFO: [Timing 38-35] Done setting XDC timing constraints.
INFO: [Timing 38-91] UpdateTimingParams: Speed grade: -1, Delay Type: min_max.
INFO: [Timing 38-191] Multithreading enabled for timing update using a maximum of 8 CPUs
INFO: [Vivado 12-24838] Running report commands "report_bus_skew, report_incremental_reuse, report_route_status" in parallel.
Running report generation with 3 threads.
INFO: [Vivado 12-24828] Executing command : report_incremental_reuse -file ripple_adder_top_incremental_reuse_routed.rpt
INFO: [Vivado_Tcl 4-1062] Incremental flow is disabled. No incremental reuse Info to report.
INFO: [Vivado 12-24828] Executing command : report_route_status -file ripple_adder_top_route_status.rpt -pb ripple_adder_top_route_status.pb
INFO: [Vivado 12-24828] Executing command : report_bus_skew -warn_on_violation -file ripple_adder_top_bus_skew_routed.rpt -pb ripple_adder_top_bus_skew_routed.pb -rpx ripple_adder_top_bus_skew_routed.rpx
INFO: [Timing 38-91] UpdateTimingParams: Speed grade: -1, Delay Type: min_max.
INFO: [Timing 38-191] Multithreading enabled for timing update using a maximum of 8 CPUs
INFO: [Vivado 12-24828] Executing command : report_power -file ripple_adder_top_power_routed.rpt -pb ripple_adder_top_power_summary_routed.pb -rpx ripple_adder_top_power_routed.rpx
Command: report_power -file ripple_adder_top_power_routed.rpt -pb ripple_adder_top_power_summary_routed.pb -rpx ripple_adder_top_power_routed.rpx
Running Vector-less Activity Propagation...

Finished Running Vector-less Activity Propagation
107 Infos, 0 Warnings, 0 Critical Warnings and 0 Errors encountered.
report_power completed successfully
INFO: [Vivado 12-24828] Executing command : report_clock_utilization -file ripple_adder_top_clock_utilization_routed.rpt
INFO: [Timing 38-480] Writing timing data to binary archive.
Write ShapeDB Complete: Time (s): cpu = 00:00:00 ; elapsed = 00:00:00 . Memory (MB): peak = 3169.762 ; gain = 0.000 ; free physical = 86643 ; free virtual = 98053
Wrote PlaceDB: Time (s): cpu = 00:00:00 ; elapsed = 00:00:00.01 . Memory (MB): peak = 3169.762 ; gain = 0.000 ; free physical = 86643 ; free virtual = 98053
Wrote PulsedLatchDB: Time (s): cpu = 00:00:00 ; elapsed = 00:00:00 . Memory (MB): peak = 3169.762 ; gain = 0.000 ; free physical = 86643 ; free virtual = 98053
Writing XDEF routing.
Writing XDEF routing logical nets.
Writing XDEF routing special nets.
Wrote RouteStorage: Time (s): cpu = 00:00:00.03 ; elapsed = 00:00:00.01 . Memory (MB): peak = 3169.762 ; gain = 0.000 ; free physical = 86643 ; free virtual = 98053
Wrote Netlist Cache: Time (s): cpu = 00:00:00 ; elapsed = 00:00:00 . Memory (MB): peak = 3169.762 ; gain = 0.000 ; free physical = 86643 ; free virtual = 98053
Wrote Device Cache: Time (s): cpu = 00:00:00.01 ; elapsed = 00:00:00 . Memory (MB): peak = 3169.762 ; gain = 0.000 ; free physical = 86643 ; free virtual = 98053
Write Physdb Complete: Time (s): cpu = 00:00:00.04 ; elapsed = 00:00:00.02 . Memory (MB): peak = 3169.762 ; gain = 0.000 ; free physical = 86643 ; free virtual = 98053
INFO: [Common 17-1381] The checkpoint '/home/sunil/Xilinx-Learning/4bAdderRiple-PYNQZ2/4bAdderRiple-PYNQZ2.runs/impl_1/ripple_adder_top_routed.dcp' has been generated.
INFO: [Common 17-206] Exiting Vivado at Fri Apr  4 21:33:04 2025...

*** Running vivado
    with args -log ripple_adder_top.vdi -applog -m64 -product Vivado -messageDb vivado.pb -mode batch -source ripple_adder_top.tcl -notrace


****** Vivado v2024.2 (64-bit)
  **** SW Build 5239630 on Fri Nov 08 22:34:34 MST 2024
  **** IP Build 5239520 on Sun Nov 10 16:12:51 MST 2024
  **** SharedData Build 5239561 on Fri Nov 08 14:39:27 MST 2024
  **** Start of session at: Fri Apr  4 21:33:17 2025
    ** Copyright 1986-2022 Xilinx, Inc. All Rights Reserved.
    ** Copyright 2022-2024 Advanced Micro Devices, Inc. All Rights Reserved.

source ripple_adder_top.tcl -notrace
Command: open_checkpoint ripple_adder_top_routed.dcp
INFO: [Device 21-403] Loading part xc7z020clg400-1
Netlist sorting complete. Time (s): cpu = 00:00:00 ; elapsed = 00:00:00 . Memory (MB): peak = 1710.945 ; gain = 0.000 ; free physical = 87879 ; free virtual = 99289
INFO: [Netlist 29-17] Analyzing 5 Unisim elements for replacement
INFO: [Netlist 29-28] Unisim Transformation completed in 0 CPU seconds
INFO: [Project 1-479] Netlist was created with Vivado 2024.2
INFO: [Project 1-570] Preparing netlist for logic optimization
Read ShapeDB Complete: Time (s): cpu = 00:00:00 ; elapsed = 00:00:00.01 . Memory (MB): peak = 1771.789 ; gain = 0.000 ; free physical = 87792 ; free virtual = 99202
INFO: [Timing 38-478] Restoring timing data from binary archive.
INFO: [Timing 38-479] Binary timing data restore complete.
INFO: [Project 1-856] Restoring constraints from binary archive.
INFO: [Project 1-853] Binary constraint restore complete.
INFO: [Designutils 20-5722] Start Reading Physical Databases.
Reading placement.
Read Netlist Cache: Time (s): cpu = 00:00:00 ; elapsed = 00:00:00 . Memory (MB): peak = 2371.914 ; gain = 0.000 ; free physical = 87280 ; free virtual = 98690
Reading placer database...
Read Device Cache: Time (s): cpu = 00:00:00.01 ; elapsed = 00:00:00.01 . Memory (MB): peak = 2371.914 ; gain = 0.000 ; free physical = 87280 ; free virtual = 98690
Read PlaceDB: Time (s): cpu = 00:00:00 ; elapsed = 00:00:00 . Memory (MB): peak = 2371.914 ; gain = 0.000 ; free physical = 87280 ; free virtual = 98690
Read PulsedLatchDB: Time (s): cpu = 00:00:00 ; elapsed = 00:00:00 . Memory (MB): peak = 2371.914 ; gain = 0.000 ; free physical = 87280 ; free virtual = 98690
Reading routing.
Read RouteStorage: Time (s): cpu = 00:00:00.01 ; elapsed = 00:00:00.01 . Memory (MB): peak = 2371.914 ; gain = 0.000 ; free physical = 87280 ; free virtual = 98690
Read Physdb Files: Time (s): cpu = 00:00:00.02 ; elapsed = 00:00:00.02 . Memory (MB): peak = 2371.914 ; gain = 0.000 ; free physical = 87280 ; free virtual = 98690
Restored from archive | CPU: 0.040000 secs | Memory: 1.165184 MB |
Finished XDEF File Restore: Time (s): cpu = 00:00:00.04 ; elapsed = 00:00:00.05 . Memory (MB): peak = 2371.914 ; gain = 9.906 ; free physical = 87280 ; free virtual = 98690
Netlist sorting complete. Time (s): cpu = 00:00:00 ; elapsed = 00:00:00 . Memory (MB): peak = 2371.914 ; gain = 0.000 ; free physical = 87280 ; free virtual = 98690
INFO: [Project 1-111] Unisim Transformation Summary:
No Unisim elements were transformed.

INFO: [Project 1-604] Checkpoint was created with Vivado v2024.2 (64-bit) build 5239630
open_checkpoint: Time (s): cpu = 00:00:10 ; elapsed = 00:00:10 . Memory (MB): peak = 2371.914 ; gain = 902.496 ; free physical = 87280 ; free virtual = 98690
Command: write_bitstream -force ripple_adder_top.bit
Attempting to get a license for feature 'Implementation' and/or device 'xc7z020'
INFO: [Common 17-349] Got license for feature 'Implementation' and/or device 'xc7z020'
Running DRC as a precondition to command write_bitstream
INFO: [IP_Flow 19-234] Refreshing IP repositories
INFO: [IP_Flow 19-1704] No user IP repositories specified
INFO: [IP_Flow 19-2313] Loaded Vivado IP repository '/tools/Xilinx/Vivado/2024.2/data/ip'.
INFO: [DRC 23-27] Running DRC with 8 threads
INFO: [Vivado 12-3199] DRC finished with 0 Errors
INFO: [Vivado 12-3200] Please refer to the DRC report (report_drc) for more information.
INFO: [Designutils 20-2272] Running write_bitstream with 8 threads.
Loading data files...
Loading site data...
Loading route data...
Processing options...
Creating bitmap...
Creating bitstream...
Writing bitstream ./ripple_adder_top.bit...
INFO: [Vivado 12-1842] Bitgen Completed Successfully.
INFO: [Project 1-1876] WebTalk data collection is mandatory when using a ULT device. To see the specific WebTalk data collected for your design, open the usage_statistics_webtalk.html or usage_statistics_webtalk.xml file in the implementation directory.
INFO: [Common 17-83] Releasing license: Implementation
23 Infos, 0 Warnings, 0 Critical Warnings and 0 Errors encountered.
write_bitstream completed successfully
INFO: [Common 17-206] Exiting Vivado at Fri Apr  4 21:33:34 2025...
